2025-11-05 12:45:30,546 - NeuralHunter - INFO - [bold magenta]НЕЙРОННЫЙ ЛОГЕР v10.1 АКТИВИРОВАН[/bold magenta]
2025-11-05 12:45:30,568 - NeuralHunter - WARNING - Модель не найдена — случайные веса.
2025-11-05 12:45:30,569 - NeuralHunter - CRITICAL - [bold red]БРЕШЬ: ЦЕЛЬ: http://omega1.at/FUZZ[/bold red]
2025-11-05 12:45:30,570 - NeuralHunter - CRITICAL - [bold red]БРЕШЬ: LHOST: 192.168.1.100:4444[/bold red]
2025-11-05 12:45:30,572 - NeuralHunter - ERROR - Предиктор ошибка: 'float' object is not callable
2025-11-05 12:45:30,957 - NeuralHunter - INFO - [GET] http://omega1.at/FUZZ → 200
2025-11-05 12:45:30,959 - NeuralHunter - INFO - PORT SCAN → http://omega1.at/FUZZ
2025-11-05 12:45:30,972 - NeuralHunter - INFO - ПОРТ ОТКРЫТ: 21
2025-11-05 12:45:30,973 - NeuralHunter - INFO - ПОРТ ОТКРЫТ: 22
2025-11-05 12:45:30,975 - NeuralHunter - INFO - ПОРТ ОТКРЫТ: 80
2025-11-05 12:45:30,976 - NeuralHunter - INFO - ПОРТ ОТКРЫТ: 443
2025-11-05 12:45:30,978 - NeuralHunter - INFO - ПОРТ ОТКРЫТ: 8080
2025-11-05 12:45:30,979 - NeuralHunter - INFO - ПОРТ ОТКРЫТ: 8443
2025-11-05 12:45:30,983 - NeuralHunter - INFO - ПОРТ ОТКРЫТ: 3306
2025-11-05 12:45:30,986 - NeuralHunter - INFO - ПОРТ ОТКРЫТ: 5432
2025-11-05 12:45:30,987 - NeuralHunter - INFO - ПОРТ ОТКРЫТ: 6379
2025-11-05 12:45:30,989 - NeuralHunter - INFO - ПОРТ ОТКРЫТ: 27017
2025-11-05 12:45:30,990 - NeuralHunter - INFO - ПОРТ ОТКРЫТ: 9200
2025-11-05 12:45:30,991 - NeuralHunter - INFO - ПОРТ ОТКРЫТ: 11211
2025-11-05 12:45:30,996 - NeuralHunter - INFO - [bold cyan]ИИ: АВТО-АТАКА: MYSQL_BRUTEFORCE[/bold cyan]
2025-11-05 12:45:30,997 - NeuralHunter - INFO - MySQL BRUTEFORCE → omega1.at:3306
2025-11-05 12:46:05,475 - NeuralHunter - INFO - [bold cyan]ИИ: АВТО-АТАКА: POSTGRES_BRUTEFORCE[/bold cyan]
2025-11-05 12:46:05,477 - NeuralHunter - INFO - POSTGRES BRUTEFORCE → omega1.at:5432
2025-11-05 12:46:58,942 - NeuralHunter - INFO - [bold cyan]ИИ: АВТО-АТАКА: SSH_BRUTEFORCE[/bold cyan]
2025-11-05 12:46:58,943 - NeuralHunter - INFO - SSH BRUTEFORCE → omega1.at:22
2025-11-05 12:48:00,337 - NeuralHunter - INFO - [bold cyan]ИИ: АВТО-АТАКА: FTP_BRUTEFORCE[/bold cyan]
2025-11-05 12:48:00,339 - NeuralHunter - INFO - FTP BRUTEFORCE → omega1.at:21
2025-11-05 12:49:20,696 - NeuralHunter - INFO - [bold cyan]ИИ: АВТО-АТАКА: REDIS_BRUTEFORCE[/bold cyan]
2025-11-05 12:49:20,698 - NeuralHunter - INFO - REDIS BRUTEFORCE → omega1.at:6379
2025-11-05 12:49:23,092 - NeuralHunter - INFO - [bold cyan]ИИ: АВТО-АТАКА: MONGODB_BRUTEFORCE[/bold cyan]
2025-11-05 12:49:23,094 - NeuralHunter - INFO - MONGODB BRUTEFORCE → omega1.at:27017
2025-11-05 12:49:26,567 - NeuralHunter - INFO - [bold cyan]ИИ: АВТО-АТАКА: ELASTICSEARCH_BRUTEFORCE[/bold cyan]
2025-11-05 12:49:26,569 - NeuralHunter - INFO - ELASTICSEARCH → http://omega1.at:9200
2025-11-05 12:49:28,702 - NeuralHunter - INFO - [bold cyan]ИИ: АВТО-АТАКА: MEMCACHED_BRUTEFORCE[/bold cyan]
2025-11-05 12:49:28,704 - NeuralHunter - INFO - MEMCACHED → omega1.at:11211
2025-11-05 12:49:28,705 - NeuralHunter - INFO - SQL INJECTION → http://omega1.at/FUZZ
2025-11-05 12:49:28,706 - NeuralHunter - ERROR - SQLi ошибка: 'float' object is not callable
2025-11-05 12:49:28,708 - NeuralHunter - INFO - XSS → http://omega1.at/FUZZ
2025-11-05 12:49:28,709 - NeuralHunter - INFO - SSRF → http://omega1.at/FUZZ
2025-11-05 12:49:28,710 - NeuralHunter - INFO - RCE → http://omega1.at/FUZZ
2025-11-05 12:49:28,711 - NeuralHunter - WARNING - DDoS — только для тестов
