2025-11-05 12:27:50,175 - NeuralHunter - INFO - [bold magenta]НЕЙРОННЫЙ ЛОГЕР v10.1 АКТИВИРОВАН[/bold magenta]
2025-11-05 12:27:50,198 - NeuralHunter - WARNING - Модель не найдена — случайные веса.
2025-11-05 12:27:50,199 - NeuralHunter - CRITICAL - [bold red]БРЕШЬ: ЦЕЛЬ: http://omega1.at/FUZZ[/bold red]
2025-11-05 12:27:50,200 - NeuralHunter - CRITICAL - [bold red]БРЕШЬ: LHOST: 192.168.1.100:4444[/bold red]
2025-11-05 12:27:50,202 - NeuralHunter - ERROR - Предиктор ошибка: 'float' object is not callable
2025-11-05 12:27:50,649 - NeuralHunter - INFO - [GET] http://omega1.at/FUZZ → 200
2025-11-05 12:27:50,651 - NeuralHunter - INFO - PORT SCAN → http://omega1.at/FUZZ
2025-11-05 12:27:50,665 - NeuralHunter - INFO - ПОРТ ОТКРЫТ: 21
2025-11-05 12:27:50,667 - NeuralHunter - INFO - ПОРТ ОТКРЫТ: 22
2025-11-05 12:27:50,669 - NeuralHunter - INFO - ПОРТ ОТКРЫТ: 80
2025-11-05 12:27:50,670 - NeuralHunter - INFO - ПОРТ ОТКРЫТ: 443
2025-11-05 12:27:50,672 - NeuralHunter - INFO - ПОРТ ОТКРЫТ: 8080
2025-11-05 12:27:50,674 - NeuralHunter - INFO - ПОРТ ОТКРЫТ: 8443
2025-11-05 12:27:50,679 - NeuralHunter - INFO - ПОРТ ОТКРЫТ: 3306
2025-11-05 12:27:50,681 - NeuralHunter - INFO - ПОРТ ОТКРЫТ: 5432
2025-11-05 12:27:50,682 - NeuralHunter - INFO - ПОРТ ОТКРЫТ: 6379
2025-11-05 12:27:50,684 - NeuralHunter - INFO - ПОРТ ОТКРЫТ: 27017
2025-11-05 12:27:50,685 - NeuralHunter - INFO - ПОРТ ОТКРЫТ: 9200
2025-11-05 12:27:50,686 - NeuralHunter - INFO - ПОРТ ОТКРЫТ: 11211
2025-11-05 12:27:50,690 - NeuralHunter - INFO - [bold cyan]ИИ: АВТО-АТАКА: MYSQL_BRUTEFORCE[/bold cyan]
2025-11-05 12:27:50,691 - NeuralHunter - INFO - MySQL BRUTEFORCE → omega1.at:3306
2025-11-05 12:28:26,271 - NeuralHunter - INFO - [bold cyan]ИИ: АВТО-АТАКА: POSTGRES_BRUTEFORCE[/bold cyan]
2025-11-05 12:28:26,272 - NeuralHunter - INFO - POSTGRES BRUTEFORCE → omega1.at:5432
2025-11-05 12:29:20,412 - NeuralHunter - INFO - [bold cyan]ИИ: АВТО-АТАКА: SSH_BRUTEFORCE[/bold cyan]
2025-11-05 12:29:20,414 - NeuralHunter - INFO - SSH BRUTEFORCE → omega1.at:22
2025-11-05 12:30:21,613 - NeuralHunter - INFO - [bold cyan]ИИ: АВТО-АТАКА: FTP_BRUTEFORCE[/bold cyan]
2025-11-05 12:30:21,615 - NeuralHunter - INFO - FTP BRUTEFORCE → omega1.at:21
2025-11-05 12:31:42,022 - NeuralHunter - INFO - [bold cyan]ИИ: АВТО-АТАКА: REDIS_BRUTEFORCE[/bold cyan]
2025-11-05 12:31:42,024 - NeuralHunter - INFO - REDIS BRUTEFORCE → omega1.at:6379
2025-11-05 12:31:44,449 - NeuralHunter - INFO - [bold cyan]ИИ: АВТО-АТАКА: MONGODB_BRUTEFORCE[/bold cyan]
2025-11-05 12:31:44,450 - NeuralHunter - INFO - MONGODB BRUTEFORCE → omega1.at:27017
2025-11-05 12:31:47,909 - NeuralHunter - INFO - [bold cyan]ИИ: АВТО-АТАКА: ELASTICSEARCH_BRUTEFORCE[/bold cyan]
2025-11-05 12:31:47,911 - NeuralHunter - INFO - ELASTICSEARCH → http://omega1.at:9200
2025-11-05 12:31:50,108 - NeuralHunter - INFO - [bold cyan]ИИ: АВТО-АТАКА: MEMCACHED_BRUTEFORCE[/bold cyan]
2025-11-05 12:31:50,109 - NeuralHunter - INFO - MEMCACHED → omega1.at:11211
2025-11-05 12:31:50,111 - NeuralHunter - INFO - SQL INJECTION → http://omega1.at/FUZZ
2025-11-05 12:31:50,112 - NeuralHunter - ERROR - SQLi ошибка: 'float' object is not callable
