2025-11-05 14:51:14,660 - NeuralHunter - INFO - [bold magenta]НЕЙРОННЫЙ ЛОГЕР v10.1 АКТИВИРОВАН[/bold magenta]
2025-11-05 14:51:14,662 - NeuralHunter - INFO - НЕЙРОННЫЙ ЛОГЕР v10.1 
                  АКТИВИРОВАН
2025-11-05 14:51:14,666 - NeuralHunter - WARNING - Модель не найдена — случайные веса.
2025-11-05 14:51:14,667 - NeuralHunter - CRITICAL - БРЕШЬ: ЦЕЛЬ: 
                  http://omega1.at/FUZZ
2025-11-05 14:51:14,669 - NeuralHunter - CRITICAL - БРЕШЬ: LHOST: 
                  192.168.1.100:4444
2025-11-05 14:51:14,670 - NeuralHunter - ERROR - Предиктор ошибка: 'float' object is not callable
2025-11-05 14:51:15,055 - NeuralHunter - INFO - [GET] http://omega1.at/FUZZ → 200
2025-11-05 14:51:15,058 - NeuralHunter - INFO - PORT SCAN → http://omega1.at/FUZZ
2025-11-05 14:51:15,121 - NeuralHunter - INFO - ПОРТ ОТКРЫТ: 21
2025-11-05 14:51:15,122 - NeuralHunter - INFO - ПОРТ ОТКРЫТ: 22
2025-11-05 14:51:15,123 - NeuralHunter - INFO - ПОРТ ОТКРЫТ: 80
2025-11-05 14:51:15,125 - NeuralHunter - INFO - ПОРТ ОТКРЫТ: 443
2025-11-05 14:51:15,126 - NeuralHunter - INFO - ПОРТ ОТКРЫТ: 8080
2025-11-05 14:51:15,128 - NeuralHunter - INFO - ПОРТ ОТКРЫТ: 8443
2025-11-05 14:51:15,133 - NeuralHunter - INFO - ПОРТ ОТКРЫТ: 3306
2025-11-05 14:51:15,134 - NeuralHunter - INFO - ПОРТ ОТКРЫТ: 5432
2025-11-05 14:51:15,136 - NeuralHunter - INFO - ПОРТ ОТКРЫТ: 6379
2025-11-05 14:51:15,138 - NeuralHunter - INFO - ПОРТ ОТКРЫТ: 27017
2025-11-05 14:51:15,140 - NeuralHunter - INFO - ПОРТ ОТКРЫТ: 9200
2025-11-05 14:51:15,141 - NeuralHunter - INFO - ПОРТ ОТКРЫТ: 11211
2025-11-05 14:51:15,147 - NeuralHunter - INFO - [bold cyan]ИИ: АВТО-АТАКА: MYSQL_BRUTEFORCE[/bold cyan]
2025-11-05 14:51:15,148 - NeuralHunter - INFO - MySQL BRUTEFORCE → omega1.at:3306
2025-11-05 14:51:48,354 - NeuralHunter - INFO - [bold cyan]ИИ: АВТО-АТАКА: POSTGRES_BRUTEFORCE[/bold cyan]
2025-11-05 14:51:48,356 - NeuralHunter - INFO - POSTGRES BRUTEFORCE → omega1.at:5432
2025-11-05 14:52:40,725 - NeuralHunter - INFO - [bold cyan]ИИ: АВТО-АТАКА: SSH_BRUTEFORCE[/bold cyan]
2025-11-05 14:52:40,726 - NeuralHunter - INFO - SSH BRUTEFORCE → omega1.at:22
2025-11-05 14:53:42,281 - NeuralHunter - INFO - [bold cyan]ИИ: АВТО-АТАКА: FTP_BRUTEFORCE[/bold cyan]
2025-11-05 14:53:42,283 - NeuralHunter - INFO - FTP BRUTEFORCE → omega1.at:21
2025-11-05 14:55:02,651 - NeuralHunter - INFO - [bold cyan]ИИ: АВТО-АТАКА: REDIS_BRUTEFORCE[/bold cyan]
2025-11-05 14:55:02,653 - NeuralHunter - INFO - REDIS BRUTEFORCE → omega1.at:6379
2025-11-05 14:55:05,080 - NeuralHunter - INFO - [bold cyan]ИИ: АВТО-АТАКА: MONGODB_BRUTEFORCE[/bold cyan]
2025-11-05 14:55:05,082 - NeuralHunter - INFO - MONGODB BRUTEFORCE → omega1.at:27017
2025-11-05 14:55:08,527 - NeuralHunter - INFO - [bold cyan]ИИ: АВТО-АТАКА: ELASTICSEARCH_BRUTEFORCE[/bold cyan]
2025-11-05 14:55:08,529 - NeuralHunter - INFO - ELASTICSEARCH → http://omega1.at:9200
2025-11-05 14:55:10,660 - NeuralHunter - INFO - [bold cyan]ИИ: АВТО-АТАКА: MEMCACHED_BRUTEFORCE[/bold cyan]
2025-11-05 14:55:10,662 - NeuralHunter - INFO - MEMCACHED → omega1.at:11211
2025-11-05 14:55:10,664 - NeuralHunter - INFO - SQL INJECTION → http://omega1.at/FUZZ
2025-11-05 14:55:10,666 - NeuralHunter - ERROR - SQLi ошибка: 'float' object is not callable
2025-11-05 14:55:10,667 - NeuralHunter - ERROR - SQLi ошибка: 'float' object is not callable
2025-11-05 14:55:10,668 - NeuralHunter - ERROR - SQLi ошибка: 'float' object is not callable
2025-11-05 14:55:10,669 - NeuralHunter - ERROR - SQLi ошибка: 'float' object is not callable
2025-11-05 14:55:10,670 - NeuralHunter - ERROR - SQLi ошибка: 'float' object is not callable
2025-11-05 14:55:10,672 - NeuralHunter - INFO - XSS → http://omega1.at/FUZZ
2025-11-05 14:55:10,673 - NeuralHunter - ERROR - XSS ошибка: 'float' object is not callable
2025-11-05 14:55:10,674 - NeuralHunter - ERROR - XSS ошибка: 'float' object is not callable
2025-11-05 14:55:10,675 - NeuralHunter - ERROR - XSS ошибка: 'float' object is not callable
2025-11-05 14:55:10,676 - NeuralHunter - ERROR - XSS ошибка: 'float' object is not callable
2025-11-05 14:55:10,677 - NeuralHunter - ERROR - XSS ошибка: 'float' object is not callable
2025-11-05 14:55:10,678 - NeuralHunter - INFO - SSRF → http://omega1.at/FUZZ
2025-11-05 14:55:10,680 - NeuralHunter - INFO - RCE → http://omega1.at/FUZZ
2025-11-05 14:55:10,681 - NeuralHunter - ERROR - RCE ошибка: 'float' object is not callable
2025-11-05 14:55:10,682 - NeuralHunter - ERROR - RCE ошибка: 'float' object is not callable
2025-11-05 14:55:10,683 - NeuralHunter - ERROR - RCE ошибка: 'float' object is not callable
2025-11-05 14:55:10,684 - NeuralHunter - ERROR - RCE ошибка: 'float' object is not callable
2025-11-05 14:55:10,685 - NeuralHunter - ERROR - RCE ошибка: 'float' object is not callable
2025-11-05 14:55:10,686 - NeuralHunter - WARNING - DDoS — только для тестов
2025-11-05 14:55:10,710 - NeuralHunter - CRITICAL - JSON: reports/autopsy_1762343710.json
2025-11-05 14:55:10,712 - NeuralHunter - CRITICAL - MD: reports/autopsy_1762343710.md
