2025-11-05 12:38:11,418 - NeuralHunter - INFO - [bold magenta]НЕЙРОННЫЙ ЛОГЕР v10.1 АКТИВИРОВАН[/bold magenta]
2025-11-05 12:38:11,442 - NeuralHunter - WARNING - Модель не найдена — случайные веса.
2025-11-05 12:38:11,444 - NeuralHunter - CRITICAL - [bold red]БРЕШЬ: ЦЕЛЬ: http://omega1.at/FUZZ[/bold red]
2025-11-05 12:38:11,445 - NeuralHunter - CRITICAL - [bold red]БРЕШЬ: LHOST: 192.168.1.100:4444[/bold red]
2025-11-05 12:38:11,446 - NeuralHunter - ERROR - Предиктор ошибка: 'float' object is not callable
2025-11-05 12:38:11,849 - NeuralHunter - INFO - [GET] http://omega1.at/FUZZ → 200
2025-11-05 12:38:11,852 - NeuralHunter - INFO - PORT SCAN → http://omega1.at/FUZZ
2025-11-05 12:38:11,866 - NeuralHunter - INFO - ПОРТ ОТКРЫТ: 21
2025-11-05 12:38:11,868 - NeuralHunter - INFO - ПОРТ ОТКРЫТ: 22
2025-11-05 12:38:11,870 - NeuralHunter - INFO - ПОРТ ОТКРЫТ: 80
2025-11-05 12:38:11,871 - NeuralHunter - INFO - ПОРТ ОТКРЫТ: 443
2025-11-05 12:38:11,872 - NeuralHunter - INFO - ПОРТ ОТКРЫТ: 8080
2025-11-05 12:38:11,874 - NeuralHunter - INFO - ПОРТ ОТКРЫТ: 8443
2025-11-05 12:38:11,877 - NeuralHunter - INFO - ПОРТ ОТКРЫТ: 3306
2025-11-05 12:38:11,879 - NeuralHunter - INFO - ПОРТ ОТКРЫТ: 5432
2025-11-05 12:38:11,880 - NeuralHunter - INFO - ПОРТ ОТКРЫТ: 6379
2025-11-05 12:38:11,882 - NeuralHunter - INFO - ПОРТ ОТКРЫТ: 27017
2025-11-05 12:38:11,884 - NeuralHunter - INFO - ПОРТ ОТКРЫТ: 9200
2025-11-05 12:38:11,885 - NeuralHunter - INFO - ПОРТ ОТКРЫТ: 11211
2025-11-05 12:38:11,891 - NeuralHunter - INFO - [bold cyan]ИИ: АВТО-АТАКА: MYSQL_BRUTEFORCE[/bold cyan]
2025-11-05 12:38:11,892 - NeuralHunter - INFO - MySQL BRUTEFORCE → omega1.at:3306
2025-11-05 12:38:47,371 - NeuralHunter - INFO - [bold cyan]ИИ: АВТО-АТАКА: POSTGRES_BRUTEFORCE[/bold cyan]
2025-11-05 12:38:47,373 - NeuralHunter - INFO - POSTGRES BRUTEFORCE → omega1.at:5432
2025-11-05 12:39:40,759 - NeuralHunter - INFO - [bold cyan]ИИ: АВТО-АТАКА: SSH_BRUTEFORCE[/bold cyan]
2025-11-05 12:39:40,761 - NeuralHunter - INFO - SSH BRUTEFORCE → omega1.at:22
2025-11-05 12:40:42,351 - NeuralHunter - INFO - [bold cyan]ИИ: АВТО-АТАКА: FTP_BRUTEFORCE[/bold cyan]
2025-11-05 12:40:42,353 - NeuralHunter - INFO - FTP BRUTEFORCE → omega1.at:21
2025-11-05 12:42:02,738 - NeuralHunter - INFO - [bold cyan]ИИ: АВТО-АТАКА: REDIS_BRUTEFORCE[/bold cyan]
2025-11-05 12:42:02,740 - NeuralHunter - INFO - REDIS BRUTEFORCE → omega1.at:6379
2025-11-05 12:42:05,155 - NeuralHunter - INFO - [bold cyan]ИИ: АВТО-АТАКА: MONGODB_BRUTEFORCE[/bold cyan]
2025-11-05 12:42:05,156 - NeuralHunter - INFO - MONGODB BRUTEFORCE → omega1.at:27017
2025-11-05 12:42:08,590 - NeuralHunter - INFO - [bold cyan]ИИ: АВТО-АТАКА: ELASTICSEARCH_BRUTEFORCE[/bold cyan]
2025-11-05 12:42:08,592 - NeuralHunter - INFO - ELASTICSEARCH → http://omega1.at:9200
2025-11-05 12:42:10,734 - NeuralHunter - INFO - [bold cyan]ИИ: АВТО-АТАКА: MEMCACHED_BRUTEFORCE[/bold cyan]
2025-11-05 12:42:10,736 - NeuralHunter - INFO - MEMCACHED → omega1.at:11211
2025-11-05 12:42:10,737 - NeuralHunter - INFO - SQL INJECTION → http://omega1.at/FUZZ
2025-11-05 12:42:10,738 - NeuralHunter - ERROR - SQLi ошибка: 'float' object is not callable
2025-11-05 12:42:10,739 - NeuralHunter - INFO - XSS → http://omega1.at/FUZZ
2025-11-05 12:42:10,740 - NeuralHunter - INFO - SSRF → http://omega1.at/FUZZ
2025-11-05 12:42:10,741 - NeuralHunter - INFO - RCE → http://omega1.at/FUZZ
2025-11-05 12:42:10,742 - NeuralHunter - WARNING - DDoS — только для тестов
