2025-11-05 14:38:52,579 - NeuralHunter - INFO - [bold magenta]НЕЙРОННЫЙ ЛОГЕР v10.1 АКТИВИРОВАН[/bold magenta]
2025-11-05 14:38:52,581 - NeuralHunter - INFO - НЕЙРОННЫЙ ЛОГЕР v10.1 
                  АКТИВИРОВАН
2025-11-05 14:38:52,584 - NeuralHunter - WARNING - Модель не найдена — случайные веса.
2025-11-05 14:38:52,586 - NeuralHunter - CRITICAL - БРЕШЬ: ЦЕЛЬ: 
                  http://omega1.at/FUZZ
2025-11-05 14:38:52,588 - NeuralHunter - CRITICAL - БРЕШЬ: LHOST: 
                  192.168.1.100:4444
2025-11-05 14:38:52,589 - NeuralHunter - ERROR - Предиктор ошибка: 'float' object is not callable
2025-11-05 14:38:53,077 - NeuralHunter - INFO - [GET] http://omega1.at/FUZZ → 200
2025-11-05 14:38:53,079 - NeuralHunter - INFO - PORT SCAN → http://omega1.at/FUZZ
2025-11-05 14:38:53,145 - NeuralHunter - INFO - ПОРТ ОТКРЫТ: 21
2025-11-05 14:38:53,147 - NeuralHunter - INFO - ПОРТ ОТКРЫТ: 22
2025-11-05 14:38:53,149 - NeuralHunter - INFO - ПОРТ ОТКРЫТ: 80
2025-11-05 14:38:53,150 - NeuralHunter - INFO - ПОРТ ОТКРЫТ: 443
2025-11-05 14:38:53,150 - NeuralHunter - INFO - ПОРТ ОТКРЫТ: 8080
2025-11-05 14:38:53,151 - NeuralHunter - INFO - ПОРТ ОТКРЫТ: 8443
2025-11-05 14:38:53,153 - NeuralHunter - INFO - ПОРТ ОТКРЫТ: 3306
2025-11-05 14:38:53,154 - NeuralHunter - INFO - ПОРТ ОТКРЫТ: 5432
2025-11-05 14:38:53,156 - NeuralHunter - INFO - ПОРТ ОТКРЫТ: 6379
2025-11-05 14:38:53,157 - NeuralHunter - INFO - ПОРТ ОТКРЫТ: 27017
2025-11-05 14:38:53,159 - NeuralHunter - INFO - ПОРТ ОТКРЫТ: 9200
2025-11-05 14:38:53,161 - NeuralHunter - INFO - ПОРТ ОТКРЫТ: 11211
2025-11-05 14:38:53,165 - NeuralHunter - INFO - [bold cyan]ИИ: АВТО-АТАКА: MYSQL_BRUTEFORCE[/bold cyan]
2025-11-05 14:38:53,167 - NeuralHunter - INFO - MySQL BRUTEFORCE → omega1.at:3306
2025-11-05 14:39:44,005 - NeuralHunter - INFO - [bold cyan]ИИ: АВТО-АТАКА: POSTGRES_BRUTEFORCE[/bold cyan]
2025-11-05 14:39:44,007 - NeuralHunter - INFO - POSTGRES BRUTEFORCE → omega1.at:5432
2025-11-05 14:40:36,735 - NeuralHunter - INFO - [bold cyan]ИИ: АВТО-АТАКА: SSH_BRUTEFORCE[/bold cyan]
2025-11-05 14:40:36,736 - NeuralHunter - INFO - SSH BRUTEFORCE → omega1.at:22
2025-11-05 14:41:38,109 - NeuralHunter - INFO - [bold cyan]ИИ: АВТО-АТАКА: FTP_BRUTEFORCE[/bold cyan]
2025-11-05 14:41:38,112 - NeuralHunter - INFO - FTP BRUTEFORCE → omega1.at:21
