2025-11-05 12:20:25,039 - NeuralHunter - INFO - [bold magenta]НЕЙРОННЫЙ ЛОГЕР v10.1 АКТИВИРОВАН[/bold magenta]
2025-11-05 12:20:25,043 - NeuralHunter - WARNING - Модель не найдена — случайные веса.
2025-11-05 12:20:25,045 - NeuralHunter - CRITICAL - [bold red]БРЕШЬ: ЦЕЛЬ: http://omega1.at/FUZZ[/bold red]
2025-11-05 12:20:25,046 - NeuralHunter - CRITICAL - [bold red]БРЕШЬ: LHOST: 192.168.1.100:4444[/bold red]
2025-11-05 12:20:25,047 - NeuralHunter - ERROR - Предиктор ошибка: 'float' object is not callable
2025-11-05 12:20:25,573 - NeuralHunter - INFO - [GET] http://omega1.at/FUZZ → 200
2025-11-05 12:20:25,576 - NeuralHunter - INFO - PORT SCAN → http://omega1.at/FUZZ
2025-11-05 12:20:25,591 - NeuralHunter - INFO - ПОРТ ОТКРЫТ: 21
2025-11-05 12:20:25,593 - NeuralHunter - INFO - ПОРТ ОТКРЫТ: 22
2025-11-05 12:20:25,595 - NeuralHunter - INFO - ПОРТ ОТКРЫТ: 80
2025-11-05 12:20:25,597 - NeuralHunter - INFO - ПОРТ ОТКРЫТ: 443
2025-11-05 12:20:25,598 - NeuralHunter - INFO - ПОРТ ОТКРЫТ: 8080
2025-11-05 12:20:25,600 - NeuralHunter - INFO - ПОРТ ОТКРЫТ: 8443
2025-11-05 12:20:25,603 - NeuralHunter - INFO - ПОРТ ОТКРЫТ: 3306
2025-11-05 12:20:25,605 - NeuralHunter - INFO - ПОРТ ОТКРЫТ: 5432
2025-11-05 12:20:25,607 - NeuralHunter - INFO - ПОРТ ОТКРЫТ: 6379
2025-11-05 12:20:25,608 - NeuralHunter - INFO - ПОРТ ОТКРЫТ: 27017
2025-11-05 12:20:25,610 - NeuralHunter - INFO - ПОРТ ОТКРЫТ: 9200
2025-11-05 12:20:25,612 - NeuralHunter - INFO - ПОРТ ОТКРЫТ: 11211
2025-11-05 12:20:25,616 - NeuralHunter - INFO - [bold cyan]ИИ: АВТО-АТАКА: MYSQL_BRUTEFORCE[/bold cyan]
