2025-11-05 14:33:07,594 - NeuralHunter - INFO - [bold magenta]НЕЙРОННЫЙ ЛОГЕР v10.1 АКТИВИРОВАН[/bold magenta]
2025-11-05 14:33:07,596 - NeuralHunter - INFO - НЕЙРОННЫЙ ЛОГЕР v10.1 
                  АКТИВИРОВАН
2025-11-05 14:33:07,639 - NeuralHunter - WARNING - Модель не найдена — случайные веса.
2025-11-05 14:33:07,640 - NeuralHunter - CRITICAL - БРЕШЬ: ЦЕЛЬ: 
                  http://omega1.at/FUZZ
2025-11-05 14:33:07,642 - NeuralHunter - CRITICAL - БРЕШЬ: LHOST: 
                  192.168.1.100:4444
2025-11-05 14:33:07,643 - NeuralHunter - ERROR - Предиктор ошибка: 'float' object is not callable
2025-11-05 14:33:08,273 - NeuralHunter - INFO - [GET] http://omega1.at/FUZZ → 200
2025-11-05 14:33:08,276 - NeuralHunter - INFO - PORT SCAN → http://omega1.at/FUZZ
2025-11-05 14:33:08,395 - NeuralHunter - INFO - ПОРТ ОТКРЫТ: 21
2025-11-05 14:33:08,397 - NeuralHunter - INFO - ПОРТ ОТКРЫТ: 22
2025-11-05 14:33:08,398 - NeuralHunter - INFO - ПОРТ ОТКРЫТ: 80
2025-11-05 14:33:08,400 - NeuralHunter - INFO - ПОРТ ОТКРЫТ: 443
2025-11-05 14:33:08,401 - NeuralHunter - INFO - ПОРТ ОТКРЫТ: 8080
2025-11-05 14:33:08,402 - NeuralHunter - INFO - ПОРТ ОТКРЫТ: 8443
2025-11-05 14:33:08,403 - NeuralHunter - INFO - ПОРТ ОТКРЫТ: 3306
2025-11-05 14:33:08,404 - NeuralHunter - INFO - ПОРТ ОТКРЫТ: 5432
2025-11-05 14:33:08,406 - NeuralHunter - INFO - ПОРТ ОТКРЫТ: 6379
2025-11-05 14:33:08,407 - NeuralHunter - INFO - ПОРТ ОТКРЫТ: 27017
2025-11-05 14:33:08,411 - NeuralHunter - INFO - ПОРТ ОТКРЫТ: 9200
2025-11-05 14:33:08,412 - NeuralHunter - INFO - ПОРТ ОТКРЫТ: 11211
2025-11-05 14:33:08,417 - NeuralHunter - INFO - [bold cyan]ИИ: АВТО-АТАКА: MYSQL_BRUTEFORCE[/bold cyan]
2025-11-05 14:33:08,418 - NeuralHunter - INFO - MySQL BRUTEFORCE → omega1.at:3306
2025-11-05 14:33:43,556 - NeuralHunter - INFO - [bold cyan]ИИ: АВТО-АТАКА: POSTGRES_BRUTEFORCE[/bold cyan]
2025-11-05 14:33:43,558 - NeuralHunter - INFO - POSTGRES BRUTEFORCE → omega1.at:5432
2025-11-05 14:34:35,788 - NeuralHunter - INFO - [bold cyan]ИИ: АВТО-АТАКА: SSH_BRUTEFORCE[/bold cyan]
2025-11-05 14:34:35,790 - NeuralHunter - INFO - SSH BRUTEFORCE → omega1.at:22
2025-11-05 14:35:36,979 - NeuralHunter - INFO - [bold cyan]ИИ: АВТО-АТАКА: FTP_BRUTEFORCE[/bold cyan]
2025-11-05 14:35:36,980 - NeuralHunter - INFO - FTP BRUTEFORCE → omega1.at:21
2025-11-05 14:36:57,380 - NeuralHunter - INFO - [bold cyan]ИИ: АВТО-АТАКА: REDIS_BRUTEFORCE[/bold cyan]
2025-11-05 14:36:57,382 - NeuralHunter - INFO - REDIS BRUTEFORCE → omega1.at:6379
2025-11-05 14:36:59,795 - NeuralHunter - INFO - [bold cyan]ИИ: АВТО-АТАКА: MONGODB_BRUTEFORCE[/bold cyan]
2025-11-05 14:36:59,796 - NeuralHunter - INFO - MONGODB BRUTEFORCE → omega1.at:27017
2025-11-05 14:37:03,267 - NeuralHunter - INFO - [bold cyan]ИИ: АВТО-АТАКА: ELASTICSEARCH_BRUTEFORCE[/bold cyan]
2025-11-05 14:37:03,270 - NeuralHunter - INFO - ELASTICSEARCH → http://omega1.at:9200
2025-11-05 14:37:05,603 - NeuralHunter - INFO - [bold cyan]ИИ: АВТО-АТАКА: MEMCACHED_BRUTEFORCE[/bold cyan]
2025-11-05 14:37:05,605 - NeuralHunter - INFO - MEMCACHED → omega1.at:11211
2025-11-05 14:37:05,606 - NeuralHunter - INFO - SQL INJECTION → http://omega1.at/FUZZ
2025-11-05 14:37:05,607 - NeuralHunter - ERROR - SQLi ошибка: 'float' object is not callable
2025-11-05 14:37:05,609 - NeuralHunter - INFO - XSS → http://omega1.at/FUZZ
2025-11-05 14:37:05,610 - NeuralHunter - INFO - SSRF → http://omega1.at/FUZZ
2025-11-05 14:37:05,610 - NeuralHunter - INFO - RCE → http://omega1.at/FUZZ
2025-11-05 14:37:05,611 - NeuralHunter - WARNING - DDoS — только для тестов
2025-11-05 14:37:05,638 - NeuralHunter - CRITICAL - JSON: reports/autopsy_1762342625.json
2025-11-05 14:37:05,640 - NeuralHunter - CRITICAL - MD: reports/autopsy_1762342625.md
